{"/Users/dougmbp/Projects/steris/spm-react-native/modules/lingo/src/Paragraph.tsx": {"path":"/Users/dougmbp/Projects/steris/spm-react-native/modules/lingo/src/Paragraph.tsx","statementMap":{"0":{"start":{"line":3,"column":25},"end":{"line":7,"column":1}},"1":{"start":{"line":4,"column":2},"end":{"line":6,"column":9}},"2":{"start":{"line":9,"column":23},"end":{"line":16,"column":2}}},"fnMap":{"0":{"name":"(anonymous_0)","decl":{"start":{"line":3,"column":25},"end":{"line":3,"column":26}},"loc":{"start":{"line":4,"column":2},"end":{"line":6,"column":9}},"line":4}},"branchMap":{},"s":{"0":1,"1":1,"2":1},"f":{"0":1},"b":{},"_coverageSchema":"1a1c01bbd47fc00a2c39e90264f33305004495a9","hash":"988ba581801b6c84212a6f045f5086f1a7b1bd19"}
,"/Users/dougmbp/Projects/steris/spm-react-native/modules/lingo/src/Strong.tsx": {"path":"/Users/dougmbp/Projects/steris/spm-react-native/modules/lingo/src/Strong.tsx","statementMap":{"0":{"start":{"line":3,"column":22},"end":{"line":7,"column":1}},"1":{"start":{"line":4,"column":2},"end":{"line":6,"column":9}},"2":{"start":{"line":9,"column":20},"end":{"line":14,"column":2}}},"fnMap":{"0":{"name":"(anonymous_0)","decl":{"start":{"line":3,"column":22},"end":{"line":3,"column":23}},"loc":{"start":{"line":4,"column":2},"end":{"line":6,"column":9}},"line":4}},"branchMap":{},"s":{"0":1,"1":1,"2":1},"f":{"0":1},"b":{},"_coverageSchema":"1a1c01bbd47fc00a2c39e90264f33305004495a9","hash":"f1975ed88eee959a61862cf8f917be8a72332e57"}
,"/Users/dougmbp/Projects/steris/spm-react-native/modules/lingo/src/assets/icons/BuildCircleIcon.tsx": {"path":"/Users/dougmbp/Projects/steris/spm-react-native/modules/lingo/src/assets/icons/BuildCircleIcon.tsx","statementMap":{"0":{"start":{"line":3,"column":24},"end":{"line":11,"column":1}},"1":{"start":{"line":4,"column":2},"end":{"line":10,"column":8}}},"fnMap":{"0":{"name":"(anonymous_0)","decl":{"start":{"line":3,"column":24},"end":{"line":3,"column":25}},"loc":{"start":{"line":4,"column":2},"end":{"line":10,"column":8}},"line":4}},"branchMap":{},"s":{"0":1,"1":0},"f":{"0":0},"b":{},"_coverageSchema":"1a1c01bbd47fc00a2c39e90264f33305004495a9","hash":"42b1e7dae7ea1a9ce86185cf8a38a449c4df42ec"}
,"/Users/dougmbp/Projects/steris/spm-react-native/modules/lingo/src/assets/icons/CaseCartsIcon.tsx": {"path":"/Users/dougmbp/Projects/steris/spm-react-native/modules/lingo/src/assets/icons/CaseCartsIcon.tsx","statementMap":{"0":{"start":{"line":4,"column":22},"end":{"line":25,"column":1}},"1":{"start":{"line":5,"column":2},"end":{"line":24,"column":8}}},"fnMap":{"0":{"name":"(anonymous_0)","decl":{"start":{"line":4,"column":22},"end":{"line":4,"column":23}},"loc":{"start":{"line":5,"column":2},"end":{"line":24,"column":8}},"line":5}},"branchMap":{},"s":{"0":1,"1":0},"f":{"0":0},"b":{},"_coverageSchema":"1a1c01bbd47fc00a2c39e90264f33305004495a9","hash":"626747bd5667c9b9134771a055ffcf68053e0e8d"}
,"/Users/dougmbp/Projects/steris/spm-react-native/modules/lingo/src/assets/icons/CaseSplitIcon.tsx": {"path":"/Users/dougmbp/Projects/steris/spm-react-native/modules/lingo/src/assets/icons/CaseSplitIcon.tsx","statementMap":{"0":{"start":{"line":3,"column":22},"end":{"line":7,"column":1}},"1":{"start":{"line":4,"column":2},"end":{"line":6,"column":8}}},"fnMap":{"0":{"name":"(anonymous_0)","decl":{"start":{"line":3,"column":22},"end":{"line":3,"column":23}},"loc":{"start":{"line":4,"column":2},"end":{"line":6,"column":8}},"line":4}},"branchMap":{},"s":{"0":1,"1":0},"f":{"0":0},"b":{},"_coverageSchema":"1a1c01bbd47fc00a2c39e90264f33305004495a9","hash":"db9eb51a590f57495c04ebc499f158baac67337a"}
,"/Users/dougmbp/Projects/steris/spm-react-native/modules/lingo/src/assets/icons/ChangeCycleIcon.tsx": {"path":"/Users/dougmbp/Projects/steris/spm-react-native/modules/lingo/src/assets/icons/ChangeCycleIcon.tsx","statementMap":{"0":{"start":{"line":3,"column":24},"end":{"line":7,"column":1}},"1":{"start":{"line":4,"column":2},"end":{"line":6,"column":8}}},"fnMap":{"0":{"name":"(anonymous_0)","decl":{"start":{"line":3,"column":24},"end":{"line":3,"column":25}},"loc":{"start":{"line":4,"column":2},"end":{"line":6,"column":8}},"line":4}},"branchMap":{},"s":{"0":1,"1":0},"f":{"0":0},"b":{},"_coverageSchema":"1a1c01bbd47fc00a2c39e90264f33305004495a9","hash":"609a7587dc0e831add3346bb463618e04f3d0ba5"}
,"/Users/dougmbp/Projects/steris/spm-react-native/modules/lingo/src/assets/icons/ChangeQuantityIcon.tsx": {"path":"/Users/dougmbp/Projects/steris/spm-react-native/modules/lingo/src/assets/icons/ChangeQuantityIcon.tsx","statementMap":{"0":{"start":{"line":3,"column":27},"end":{"line":7,"column":1}},"1":{"start":{"line":4,"column":2},"end":{"line":6,"column":8}}},"fnMap":{"0":{"name":"(anonymous_0)","decl":{"start":{"line":3,"column":27},"end":{"line":3,"column":28}},"loc":{"start":{"line":4,"column":2},"end":{"line":6,"column":8}},"line":4}},"branchMap":{},"s":{"0":1,"1":0},"f":{"0":0},"b":{},"_coverageSchema":"1a1c01bbd47fc00a2c39e90264f33305004495a9","hash":"c8939e7d19cc4984fa2fd435d996745dca2bafc1"}
,"/Users/dougmbp/Projects/steris/spm-react-native/modules/lingo/src/assets/icons/CrossIcon.tsx": {"path":"/Users/dougmbp/Projects/steris/spm-react-native/modules/lingo/src/assets/icons/CrossIcon.tsx","statementMap":{"0":{"start":{"line":14,"column":18},"end":{"line":32,"column":1}},"1":{"start":{"line":15,"column":20},"end":{"line":15,"column":43}},"2":{"start":{"line":16,"column":19},"end":{"line":16,"column":48}},"3":{"start":{"line":18,"column":2},"end":{"line":31,"column":3}}},"fnMap":{"0":{"name":"(anonymous_0)","decl":{"start":{"line":14,"column":18},"end":{"line":14,"column":19}},"loc":{"start":{"line":14,"column":76},"end":{"line":32,"column":1}},"line":14}},"branchMap":{"0":{"loc":{"start":{"line":15,"column":20},"end":{"line":15,"column":43}},"type":"binary-expr","locations":[{"start":{"line":15,"column":20},"end":{"line":15,"column":25}},{"start":{"line":15,"column":29},"end":{"line":15,"column":33}},{"start":{"line":15,"column":37},"end":{"line":15,"column":43}}],"line":15},"1":{"loc":{"start":{"line":16,"column":19},"end":{"line":16,"column":48}},"type":"binary-expr","locations":[{"start":{"line":16,"column":19},"end":{"line":16,"column":23}},{"start":{"line":16,"column":27},"end":{"line":16,"column":32}},{"start":{"line":16,"column":36},"end":{"line":16,"column":42}},{"start":{"line":16,"column":46},"end":{"line":16,"column":48}}],"line":16}},"s":{"0":1,"1":0,"2":0,"3":0},"f":{"0":0},"b":{"0":[0,0,0],"1":[0,0,0,0]},"_coverageSchema":"1a1c01bbd47fc00a2c39e90264f33305004495a9","hash":"983009db98042eb1bdfa9a572d5d815eb72e36fd"}
,"/Users/dougmbp/Projects/steris/spm-react-native/modules/lingo/src/assets/icons/ExclamationMarkIcon.tsx": {"path":"/Users/dougmbp/Projects/steris/spm-react-native/modules/lingo/src/assets/icons/ExclamationMarkIcon.tsx","statementMap":{"0":{"start":{"line":3,"column":28},"end":{"line":10,"column":1}},"1":{"start":{"line":4,"column":2},"end":{"line":9,"column":8}}},"fnMap":{"0":{"name":"(anonymous_0)","decl":{"start":{"line":3,"column":28},"end":{"line":3,"column":29}},"loc":{"start":{"line":4,"column":2},"end":{"line":9,"column":8}},"line":4}},"branchMap":{},"s":{"0":1,"1":0},"f":{"0":0},"b":{},"_coverageSchema":"1a1c01bbd47fc00a2c39e90264f33305004495a9","hash":"682df213fbe119a4e74dc62ce97d351195c4e245"}
,"/Users/dougmbp/Projects/steris/spm-react-native/modules/lingo/src/assets/icons/MoveUpIcon.tsx": {"path":"/Users/dougmbp/Projects/steris/spm-react-native/modules/lingo/src/assets/icons/MoveUpIcon.tsx","statementMap":{"0":{"start":{"line":3,"column":19},"end":{"line":7,"column":1}},"1":{"start":{"line":4,"column":2},"end":{"line":6,"column":8}}},"fnMap":{"0":{"name":"(anonymous_0)","decl":{"start":{"line":3,"column":19},"end":{"line":3,"column":20}},"loc":{"start":{"line":4,"column":2},"end":{"line":6,"column":8}},"line":4}},"branchMap":{},"s":{"0":1,"1":0},"f":{"0":0},"b":{},"_coverageSchema":"1a1c01bbd47fc00a2c39e90264f33305004495a9","hash":"b0d24629eef63a9cacb11f93bac761eb0984d7b7"}
,"/Users/dougmbp/Projects/steris/spm-react-native/modules/lingo/src/assets/icons/QualityEventIcon.tsx": {"path":"/Users/dougmbp/Projects/steris/spm-react-native/modules/lingo/src/assets/icons/QualityEventIcon.tsx","statementMap":{"0":{"start":{"line":9,"column":58},"end":{"line":70,"column":1}},"1":{"start":{"line":14,"column":2},"end":{"line":69,"column":8}}},"fnMap":{"0":{"name":"(anonymous_0)","decl":{"start":{"line":9,"column":58},"end":{"line":9,"column":59}},"loc":{"start":{"line":14,"column":2},"end":{"line":69,"column":8}},"line":14}},"branchMap":{"0":{"loc":{"start":{"line":10,"column":2},"end":{"line":10,"column":12}},"type":"default-arg","locations":[{"start":{"line":10,"column":10},"end":{"line":10,"column":12}}],"line":10},"1":{"loc":{"start":{"line":11,"column":2},"end":{"line":11,"column":13}},"type":"default-arg","locations":[{"start":{"line":11,"column":11},"end":{"line":11,"column":13}}],"line":11}},"s":{"0":1,"1":0},"f":{"0":0},"b":{"0":[0],"1":[0]},"_coverageSchema":"1a1c01bbd47fc00a2c39e90264f33305004495a9","hash":"fc9da9e30c06025e3cac48ccd88b682b0e002462"}
,"/Users/dougmbp/Projects/steris/spm-react-native/modules/lingo/src/assets/icons/SVGIcon.tsx": {"path":"/Users/dougmbp/Projects/steris/spm-react-native/modules/lingo/src/assets/icons/SVGIcon.tsx","statementMap":{"0":{"start":{"line":24,"column":52},"end":{"line":40,"column":1}},"1":{"start":{"line":49,"column":40},"end":{"line":62,"column":1}},"2":{"start":{"line":55,"column":24},"end":{"line":55,"column":37}},"3":{"start":{"line":57,"column":2},"end":{"line":59,"column":3}},"4":{"start":{"line":58,"column":4},"end":{"line":58,"column":59}},"5":{"start":{"line":61,"column":2},"end":{"line":61,"column":80}}},"fnMap":{"0":{"name":"(anonymous_0)","decl":{"start":{"line":49,"column":40},"end":{"line":49,"column":41}},"loc":{"start":{"line":54,"column":6},"end":{"line":62,"column":1}},"line":54}},"branchMap":{"0":{"loc":{"start":{"line":51,"column":2},"end":{"line":51,"column":11}},"type":"default-arg","locations":[{"start":{"line":51,"column":9},"end":{"line":51,"column":11}}],"line":51},"1":{"loc":{"start":{"line":52,"column":2},"end":{"line":52,"column":34}},"type":"default-arg","locations":[{"start":{"line":52,"column":10},"end":{"line":52,"column":34}}],"line":52},"2":{"loc":{"start":{"line":57,"column":2},"end":{"line":59,"column":3}},"type":"if","locations":[{"start":{"line":57,"column":2},"end":{"line":59,"column":3}},{"start":{},"end":{}}],"line":57}},"s":{"0":1,"1":1,"2":0,"3":0,"4":0,"5":0},"f":{"0":0},"b":{"0":[0],"1":[0],"2":[0,0]},"_coverageSchema":"1a1c01bbd47fc00a2c39e90264f33305004495a9","hash":"502d80f651edab6fd2b9427d5cb324b5fdb45f8a"}
,"/Users/dougmbp/Projects/steris/spm-react-native/modules/lingo/src/assets/icons/ScanningIcon.tsx": {"path":"/Users/dougmbp/Projects/steris/spm-react-native/modules/lingo/src/assets/icons/ScanningIcon.tsx","statementMap":{"0":{"start":{"line":9,"column":50},"end":{"line":55,"column":1}},"1":{"start":{"line":14,"column":2},"end":{"line":54,"column":8}}},"fnMap":{"0":{"name":"(anonymous_0)","decl":{"start":{"line":9,"column":50},"end":{"line":9,"column":51}},"loc":{"start":{"line":14,"column":2},"end":{"line":54,"column":8}},"line":14}},"branchMap":{"0":{"loc":{"start":{"line":10,"column":2},"end":{"line":10,"column":12}},"type":"default-arg","locations":[{"start":{"line":10,"column":10},"end":{"line":10,"column":12}}],"line":10},"1":{"loc":{"start":{"line":11,"column":2},"end":{"line":11,"column":13}},"type":"default-arg","locations":[{"start":{"line":11,"column":11},"end":{"line":11,"column":13}}],"line":11}},"s":{"0":1,"1":0},"f":{"0":0},"b":{"0":[0],"1":[0]},"_coverageSchema":"1a1c01bbd47fc00a2c39e90264f33305004495a9","hash":"9b743b6baddf266a3f6be9267b9fc7704880ce14"}
,"/Users/dougmbp/Projects/steris/spm-react-native/modules/lingo/src/assets/icons/SearchFieldIcon.tsx": {"path":"/Users/dougmbp/Projects/steris/spm-react-native/modules/lingo/src/assets/icons/SearchFieldIcon.tsx","statementMap":{"0":{"start":{"line":7,"column":24},"end":{"line":14,"column":1}},"1":{"start":{"line":8,"column":2},"end":{"line":13,"column":8}}},"fnMap":{"0":{"name":"(anonymous_0)","decl":{"start":{"line":7,"column":24},"end":{"line":7,"column":25}},"loc":{"start":{"line":8,"column":2},"end":{"line":13,"column":8}},"line":8}},"branchMap":{},"s":{"0":1,"1":12},"f":{"0":12},"b":{},"_coverageSchema":"1a1c01bbd47fc00a2c39e90264f33305004495a9","hash":"5dd659d1b30b77672044b2302f3abe365a551397"}
,"/Users/dougmbp/Projects/steris/spm-react-native/modules/lingo/src/assets/icons/SearchIcon.tsx": {"path":"/Users/dougmbp/Projects/steris/spm-react-native/modules/lingo/src/assets/icons/SearchIcon.tsx","statementMap":{"0":{"start":{"line":3,"column":19},"end":{"line":20,"column":1}},"1":{"start":{"line":4,"column":2},"end":{"line":19,"column":8}}},"fnMap":{"0":{"name":"(anonymous_0)","decl":{"start":{"line":3,"column":19},"end":{"line":3,"column":20}},"loc":{"start":{"line":4,"column":2},"end":{"line":19,"column":8}},"line":4}},"branchMap":{},"s":{"0":1,"1":0},"f":{"0":0},"b":{},"_coverageSchema":"1a1c01bbd47fc00a2c39e90264f33305004495a9","hash":"8ee1fd169531e763f6a2cbc1826c57769a9f7b57"}
,"/Users/dougmbp/Projects/steris/spm-react-native/modules/lingo/src/assets/icons/SterilizationIcon.tsx": {"path":"/Users/dougmbp/Projects/steris/spm-react-native/modules/lingo/src/assets/icons/SterilizationIcon.tsx","statementMap":{"0":{"start":{"line":4,"column":26},"end":{"line":21,"column":1}},"1":{"start":{"line":5,"column":2},"end":{"line":20,"column":8}}},"fnMap":{"0":{"name":"(anonymous_0)","decl":{"start":{"line":4,"column":26},"end":{"line":4,"column":27}},"loc":{"start":{"line":5,"column":2},"end":{"line":20,"column":8}},"line":5}},"branchMap":{},"s":{"0":1,"1":0},"f":{"0":0},"b":{},"_coverageSchema":"1a1c01bbd47fc00a2c39e90264f33305004495a9","hash":"52ad7c9c7deebfcbfcf42951e7e5bd407aee69d8"}
,"/Users/dougmbp/Projects/steris/spm-react-native/modules/lingo/src/assets/icons/SwapVerticalCircleIcon.tsx": {"path":"/Users/dougmbp/Projects/steris/spm-react-native/modules/lingo/src/assets/icons/SwapVerticalCircleIcon.tsx","statementMap":{"0":{"start":{"line":3,"column":31},"end":{"line":9,"column":1}},"1":{"start":{"line":4,"column":2},"end":{"line":8,"column":8}}},"fnMap":{"0":{"name":"(anonymous_0)","decl":{"start":{"line":3,"column":31},"end":{"line":3,"column":32}},"loc":{"start":{"line":4,"column":2},"end":{"line":8,"column":8}},"line":4}},"branchMap":{},"s":{"0":1,"1":0},"f":{"0":0},"b":{},"_coverageSchema":"1a1c01bbd47fc00a2c39e90264f33305004495a9","hash":"6036698b333047c62ca2230a757605e41d15612b"}
,"/Users/dougmbp/Projects/steris/spm-react-native/modules/lingo/src/assets/icons/TasksIcon.tsx": {"path":"/Users/dougmbp/Projects/steris/spm-react-native/modules/lingo/src/assets/icons/TasksIcon.tsx","statementMap":{"0":{"start":{"line":3,"column":18},"end":{"line":16,"column":1}},"1":{"start":{"line":4,"column":2},"end":{"line":15,"column":8}}},"fnMap":{"0":{"name":"(anonymous_0)","decl":{"start":{"line":3,"column":18},"end":{"line":3,"column":19}},"loc":{"start":{"line":4,"column":2},"end":{"line":15,"column":8}},"line":4}},"branchMap":{},"s":{"0":1,"1":0},"f":{"0":0},"b":{},"_coverageSchema":"1a1c01bbd47fc00a2c39e90264f33305004495a9","hash":"0462778f7663e1c2185c2187bea12bec3f8aa8c7"}
,"/Users/dougmbp/Projects/steris/spm-react-native/modules/lingo/src/components/index.ts": {"path":"/Users/dougmbp/Projects/steris/spm-react-native/modules/lingo/src/components/index.ts","statementMap":{},"fnMap":{},"branchMap":{},"s":{},"f":{},"b":{},"_coverageSchema":"1a1c01bbd47fc00a2c39e90264f33305004495a9","hash":"267962888fac6c316527488f8a68f17e2c7a592f"}
,"/Users/dougmbp/Projects/steris/spm-react-native/modules/lingo/src/components/buttons/index.ts": {"path":"/Users/dougmbp/Projects/steris/spm-react-native/modules/lingo/src/components/buttons/index.ts","statementMap":{},"fnMap":{},"branchMap":{},"s":{},"f":{},"b":{},"_coverageSchema":"1a1c01bbd47fc00a2c39e90264f33305004495a9","hash":"bf27d53fe0316fb508f4eac3638185e0fef19cec"}
,"/Users/dougmbp/Projects/steris/spm-react-native/modules/lingo/src/components/buttons/AddedTasksButton/AddedTasksButton.tsx": {"path":"/Users/dougmbp/Projects/steris/spm-react-native/modules/lingo/src/components/buttons/AddedTasksButton/AddedTasksButton.tsx","statementMap":{"0":{"start":{"line":17,"column":59},"end":{"line":90,"column":1}},"1":{"start":{"line":22,"column":24},"end":{"line":22,"column":34}},"2":{"start":{"line":24,"column":16},"end":{"line":26,"column":11}},"3":{"start":{"line":28,"column":23},"end":{"line":28,"column":56}},"4":{"start":{"line":29,"column":21},"end":{"line":29,"column":56}},"5":{"start":{"line":31,"column":2},"end":{"line":37,"column":8}},"6":{"start":{"line":32,"column":4},"end":{"line":36,"column":5}},"7":{"start":{"line":33,"column":6},"end":{"line":35,"column":7}},"8":{"start":{"line":34,"column":8},"end":{"line":34,"column":40}},"9":{"start":{"line":39,"column":2},"end":{"line":62,"column":31}},"10":{"start":{"line":40,"column":4},"end":{"line":60,"column":5}},"11":{"start":{"line":41,"column":6},"end":{"line":41,"column":23}},"12":{"start":{"line":42,"column":6},"end":{"line":42,"column":62}},"13":{"start":{"line":42,"column":30},"end":{"line":42,"column":62}},"14":{"start":{"line":44,"column":6},"end":{"line":53,"column":13}},"15":{"start":{"line":45,"column":8},"end":{"line":45,"column":31}},"16":{"start":{"line":46,"column":8},"end":{"line":51,"column":18}},"17":{"start":{"line":52,"column":8},"end":{"line":52,"column":33}},"18":{"start":{"line":54,"column":11},"end":{"line":60,"column":5}},"19":{"start":{"line":55,"column":6},"end":{"line":58,"column":7}},"20":{"start":{"line":56,"column":8},"end":{"line":56,"column":40}},"21":{"start":{"line":57,"column":8},"end":{"line":57,"column":33}},"22":{"start":{"line":59,"column":6},"end":{"line":59,"column":23}},"23":{"start":{"line":61,"column":4},"end":{"line":61,"column":32}},"24":{"start":{"line":64,"column":2},"end":{"line":89,"column":3}},"25":{"start":{"line":92,"column":15},"end":{"line":117,"column":2}}},"fnMap":{"0":{"name":"(anonymous_0)","decl":{"start":{"line":17,"column":59},"end":{"line":17,"column":60}},"loc":{"start":{"line":21,"column":6},"end":{"line":90,"column":1}},"line":21},"1":{"name":"(anonymous_1)","decl":{"start":{"line":31,"column":12},"end":{"line":31,"column":13}},"loc":{"start":{"line":31,"column":18},"end":{"line":37,"column":3}},"line":31},"2":{"name":"(anonymous_2)","decl":{"start":{"line":32,"column":11},"end":{"line":32,"column":12}},"loc":{"start":{"line":32,"column":17},"end":{"line":36,"column":5}},"line":32},"3":{"name":"(anonymous_3)","decl":{"start":{"line":39,"column":12},"end":{"line":39,"column":13}},"loc":{"start":{"line":39,"column":18},"end":{"line":62,"column":3}},"line":39},"4":{"name":"(anonymous_4)","decl":{"start":{"line":44,"column":38},"end":{"line":44,"column":39}},"loc":{"start":{"line":44,"column":44},"end":{"line":53,"column":7}},"line":44}},"branchMap":{"0":{"loc":{"start":{"line":20,"column":2},"end":{"line":20,"column":23}},"type":"default-arg","locations":[{"start":{"line":20,"column":18},"end":{"line":20,"column":23}}],"line":20},"1":{"loc":{"start":{"line":25,"column":23},"end":{"line":25,"column":58}},"type":"cond-expr","locations":[{"start":{"line":25,"column":53},"end":{"line":25,"column":54}},{"start":{"line":25,"column":57},"end":{"line":25,"column":58}}],"line":25},"2":{"loc":{"start":{"line":25,"column":23},"end":{"line":25,"column":50}},"type":"binary-expr","locations":[{"start":{"line":25,"column":23},"end":{"line":25,"column":32}},{"start":{"line":25,"column":36},"end":{"line":25,"column":50}}],"line":25},"3":{"loc":{"start":{"line":28,"column":30},"end":{"line":28,"column":55}},"type":"cond-expr","locations":[{"start":{"line":28,"column":46},"end":{"line":28,"column":47}},{"start":{"line":28,"column":50},"end":{"line":28,"column":55}}],"line":28},"4":{"loc":{"start":{"line":33,"column":6},"end":{"line":35,"column":7}},"type":"if","locations":[{"start":{"line":33,"column":6},"end":{"line":35,"column":7}},{"start":{},"end":{}}],"line":33},"5":{"loc":{"start":{"line":40,"column":4},"end":{"line":60,"column":5}},"type":"if","locations":[{"start":{"line":40,"column":4},"end":{"line":60,"column":5}},{"start":{"line":54,"column":11},"end":{"line":60,"column":5}}],"line":40},"6":{"loc":{"start":{"line":40,"column":8},"end":{"line":40,"column":46}},"type":"binary-expr","locations":[{"start":{"line":40,"column":8},"end":{"line":40,"column":17}},{"start":{"line":40,"column":21},"end":{"line":40,"column":46}}],"line":40},"7":{"loc":{"start":{"line":42,"column":6},"end":{"line":42,"column":62}},"type":"if","locations":[{"start":{"line":42,"column":6},"end":{"line":42,"column":62}},{"start":{},"end":{}}],"line":42},"8":{"loc":{"start":{"line":54,"column":11},"end":{"line":60,"column":5}},"type":"if","locations":[{"start":{"line":54,"column":11},"end":{"line":60,"column":5}},{"start":{},"end":{}}],"line":54},"9":{"loc":{"start":{"line":55,"column":6},"end":{"line":58,"column":7}},"type":"if","locations":[{"start":{"line":55,"column":6},"end":{"line":58,"column":7}},{"start":{},"end":{}}],"line":55},"10":{"loc":{"start":{"line":80,"column":9},"end":{"line":86,"column":16}},"type":"cond-expr","locations":[{"start":{"line":81,"column":10},"end":{"line":85,"column":26}},{"start":{"line":86,"column":12},"end":{"line":86,"column":16}}],"line":80}},"s":{"0":1,"1":0,"2":0,"3":0,"4":0,"5":0,"6":0,"7":0,"8":0,"9":0,"10":0,"11":0,"12":0,"13":0,"14":0,"15":0,"16":0,"17":0,"18":0,"19":0,"20":0,"21":0,"22":0,"23":0,"24":0,"25":1},"f":{"0":0,"1":0,"2":0,"3":0,"4":0},"b":{"0":[0],"1":[0,0],"2":[0,0],"3":[0,0],"4":[0,0],"5":[0,0],"6":[0,0],"7":[0,0],"8":[0,0],"9":[0,0],"10":[0,0]},"_coverageSchema":"1a1c01bbd47fc00a2c39e90264f33305004495a9","hash":"08b44bf026fd6750e4a10732ffa9c5490042064d"}
,"/Users/dougmbp/Projects/steris/spm-react-native/modules/lingo/src/components/buttons/AddedTasksButton/index.ts": {"path":"/Users/dougmbp/Projects/steris/spm-react-native/modules/lingo/src/components/buttons/AddedTasksButton/index.ts","statementMap":{},"fnMap":{},"branchMap":{},"s":{},"f":{},"b":{},"_coverageSchema":"1a1c01bbd47fc00a2c39e90264f33305004495a9","hash":"a98f04d65b236c7b4230bbbd3f40e11882c37e79"}
,"/Users/dougmbp/Projects/steris/spm-react-native/modules/lingo/src/components/buttons/BottomCtaButtons/BottomCtaButtons.tsx": {"path":"/Users/dougmbp/Projects/steris/spm-react-native/modules/lingo/src/components/buttons/BottomCtaButtons/BottomCtaButtons.tsx","statementMap":{"0":{"start":{"line":7,"column":32},"end":{"line":58,"column":1}},"1":{"start":{"line":26,"column":2},"end":{"line":57,"column":3}}},"fnMap":{"0":{"name":"(anonymous_0)","decl":{"start":{"line":7,"column":32},"end":{"line":7,"column":33}},"loc":{"start":{"line":25,"column":6},"end":{"line":58,"column":1}},"line":25}},"branchMap":{"0":{"loc":{"start":{"line":12,"column":2},"end":{"line":12,"column":28}},"type":"default-arg","locations":[{"start":{"line":12,"column":23},"end":{"line":12,"column":28}}],"line":12},"1":{"loc":{"start":{"line":13,"column":2},"end":{"line":13,"column":20}},"type":"default-arg","locations":[{"start":{"line":13,"column":15},"end":{"line":13,"column":20}}],"line":13},"2":{"loc":{"start":{"line":33,"column":24},"end":{"line":33,"column":42}},"type":"cond-expr","locations":[{"start":{"line":33,"column":37},"end":{"line":33,"column":38}},{"start":{"line":33,"column":41},"end":{"line":33,"column":42}}],"line":33}},"s":{"0":1,"1":0},"f":{"0":0},"b":{"0":[0],"1":[0],"2":[0,0]},"_coverageSchema":"1a1c01bbd47fc00a2c39e90264f33305004495a9","hash":"23d0261692197fd3a3dca96c4f391bd77a6967f6"}
,"/Users/dougmbp/Projects/steris/spm-react-native/modules/lingo/src/components/buttons/BottomCtaButtons/index.ts": {"path":"/Users/dougmbp/Projects/steris/spm-react-native/modules/lingo/src/components/buttons/BottomCtaButtons/index.ts","statementMap":{},"fnMap":{},"branchMap":{},"s":{},"f":{},"b":{},"_coverageSchema":"1a1c01bbd47fc00a2c39e90264f33305004495a9","hash":"53507a0651f0de11c990159c7f45a0296f48392f"}
,"/Users/dougmbp/Projects/steris/spm-react-native/modules/lingo/src/components/buttons/Touchable/Touchable.tsx": {"path":"/Users/dougmbp/Projects/steris/spm-react-native/modules/lingo/src/components/buttons/Touchable/Touchable.tsx","statementMap":{"0":{"start":{"line":11,"column":25},"end":{"line":44,"column":2}},"1":{"start":{"line":12,"column":30},"end":{"line":12,"column":45}},"2":{"start":{"line":14,"column":21},"end":{"line":16,"column":3}},"3":{"start":{"line":15,"column":4},"end":{"line":15,"column":19}},"4":{"start":{"line":18,"column":22},"end":{"line":20,"column":3}},"5":{"start":{"line":19,"column":4},"end":{"line":19,"column":20}},"6":{"start":{"line":22,"column":19},"end":{"line":24,"column":3}},"7":{"start":{"line":23,"column":4},"end":{"line":23,"column":27}},"8":{"start":{"line":26,"column":2},"end":{"line":43,"column":3}},"9":{"start":{"line":46,"column":0},"end":{"line":46,"column":35}}},"fnMap":{"0":{"name":"(anonymous_0)","decl":{"start":{"line":11,"column":58},"end":{"line":11,"column":59}},"loc":{"start":{"line":11,"column":74},"end":{"line":44,"column":1}},"line":11},"1":{"name":"(anonymous_1)","decl":{"start":{"line":14,"column":21},"end":{"line":14,"column":22}},"loc":{"start":{"line":14,"column":27},"end":{"line":16,"column":3}},"line":14},"2":{"name":"(anonymous_2)","decl":{"start":{"line":18,"column":22},"end":{"line":18,"column":23}},"loc":{"start":{"line":18,"column":28},"end":{"line":20,"column":3}},"line":18},"3":{"name":"(anonymous_3)","decl":{"start":{"line":22,"column":19},"end":{"line":22,"column":20}},"loc":{"start":{"line":22,"column":53},"end":{"line":24,"column":3}},"line":22}},"branchMap":{"0":{"loc":{"start":{"line":37,"column":12},"end":{"line":39,"column":46}},"type":"cond-expr","locations":[{"start":{"line":38,"column":16},"end":{"line":38,"column":51}},{"start":{"line":39,"column":16},"end":{"line":39,"column":46}}],"line":37},"1":{"loc":{"start":{"line":37,"column":12},"end":{"line":37,"column":36}},"type":"binary-expr","locations":[{"start":{"line":37,"column":12},"end":{"line":37,"column":18}},{"start":{"line":37,"column":22},"end":{"line":37,"column":36}}],"line":37}},"s":{"0":1,"1":0,"2":0,"3":0,"4":0,"5":0,"6":0,"7":0,"8":0,"9":1},"f":{"0":0,"1":0,"2":0,"3":0},"b":{"0":[0,0],"1":[0,0]},"_coverageSchema":"1a1c01bbd47fc00a2c39e90264f33305004495a9","hash":"6c9b0421463e8a7e62acf5a4539e8d964bb6d4ee"}
,"/Users/dougmbp/Projects/steris/spm-react-native/modules/lingo/src/components/buttons/Touchable/index.ts": {"path":"/Users/dougmbp/Projects/steris/spm-react-native/modules/lingo/src/components/buttons/Touchable/index.ts","statementMap":{},"fnMap":{},"branchMap":{},"s":{},"f":{},"b":{},"_coverageSchema":"1a1c01bbd47fc00a2c39e90264f33305004495a9","hash":"29d194dd39501b8a415f2b910e0e6997167cf867"}
,"/Users/dougmbp/Projects/steris/spm-react-native/modules/lingo/src/components/containers/SafeAreaContainer.tsx": {"path":"/Users/dougmbp/Projects/steris/spm-react-native/modules/lingo/src/components/containers/SafeAreaContainer.tsx","statementMap":{"0":{"start":{"line":6,"column":4},"end":{"line":10,"column":1}},"1":{"start":{"line":7,"column":2},"end":{"line":9,"column":3}},"2":{"start":{"line":12,"column":15},"end":{"line":16,"column":2}}},"fnMap":{"0":{"name":"(anonymous_0)","decl":{"start":{"line":6,"column":4},"end":{"line":6,"column":5}},"loc":{"start":{"line":6,"column":29},"end":{"line":10,"column":1}},"line":6}},"branchMap":{},"s":{"0":1,"1":0,"2":1},"f":{"0":0},"b":{},"_coverageSchema":"1a1c01bbd47fc00a2c39e90264f33305004495a9","hash":"d0b136b7511e7448c3e550c340a996e921a857be"}
,"/Users/dougmbp/Projects/steris/spm-react-native/modules/lingo/src/components/containers/index.ts": {"path":"/Users/dougmbp/Projects/steris/spm-react-native/modules/lingo/src/components/containers/index.ts","statementMap":{},"fnMap":{},"branchMap":{},"s":{},"f":{},"b":{},"_coverageSchema":"1a1c01bbd47fc00a2c39e90264f33305004495a9","hash":"e9d6c94d0baac8d94ce7e3e3b482fd3bf4b9c893"}
,"/Users/dougmbp/Projects/steris/spm-react-native/modules/lingo/src/components/containers/ScrollContext/ScrollContext.tsx": {"path":"/Users/dougmbp/Projects/steris/spm-react-native/modules/lingo/src/components/containers/ScrollContext/ScrollContext.tsx","statementMap":{"0":{"start":{"line":21,"column":22},"end":{"line":29,"column":2}},"1":{"start":{"line":31,"column":25},"end":{"line":31,"column":56}},"2":{"start":{"line":31,"column":31},"end":{"line":31,"column":56}},"3":{"start":{"line":33,"column":53},"end":{"line":100,"column":1}},"4":{"start":{"line":34,"column":32},"end":{"line":34,"column":43}},"5":{"start":{"line":35,"column":38},"end":{"line":35,"column":53}},"6":{"start":{"line":36,"column":44},"end":{"line":36,"column":55}},"7":{"start":{"line":37,"column":42},"end":{"line":37,"column":53}},"8":{"start":{"line":39,"column":23},"end":{"line":57,"column":3}},"9":{"start":{"line":42,"column":8},"end":{"line":42,"column":25}},"10":{"start":{"line":44,"column":6},"end":{"line":44,"column":33}},"11":{"start":{"line":45,"column":6},"end":{"line":45,"column":33}},"12":{"start":{"line":46,"column":6},"end":{"line":46,"column":42}},"13":{"start":{"line":47,"column":6},"end":{"line":47,"column":47}},"14":{"start":{"line":50,"column":24},"end":{"line":50,"column":26}},"15":{"start":{"line":51,"column":30},"end":{"line":51,"column":72}},"16":{"start":{"line":52,"column":30},"end":{"line":52,"column":79}},"17":{"start":{"line":54,"column":6},"end":{"line":54,"column":36}},"18":{"start":{"line":59,"column":19},"end":{"line":61,"column":8}},"19":{"start":{"line":60,"column":4},"end":{"line":60,"column":27}},"20":{"start":{"line":63,"column":26},"end":{"line":83,"column":3}},"21":{"start":{"line":65,"column":6},"end":{"line":65,"column":30}},"22":{"start":{"line":68,"column":6},"end":{"line":80,"column":7}},"23":{"start":{"line":69,"column":8},"end":{"line":79,"column":10}},"24":{"start":{"line":85,"column":2},"end":{"line":99,"column":3}}},"fnMap":{"0":{"name":"(anonymous_0)","decl":{"start":{"line":26,"column":16},"end":{"line":26,"column":17}},"loc":{"start":{"line":26,"column":22},"end":{"line":26,"column":24}},"line":26},"1":{"name":"(anonymous_1)","decl":{"start":{"line":27,"column":12},"end":{"line":27,"column":13}},"loc":{"start":{"line":27,"column":18},"end":{"line":27,"column":20}},"line":27},"2":{"name":"(anonymous_2)","decl":{"start":{"line":28,"column":19},"end":{"line":28,"column":20}},"loc":{"start":{"line":28,"column":25},"end":{"line":28,"column":27}},"line":28},"3":{"name":"(anonymous_3)","decl":{"start":{"line":31,"column":25},"end":{"line":31,"column":26}},"loc":{"start":{"line":31,"column":31},"end":{"line":31,"column":56}},"line":31},"4":{"name":"(anonymous_4)","decl":{"start":{"line":33,"column":53},"end":{"line":33,"column":54}},"loc":{"start":{"line":33,"column":71},"end":{"line":100,"column":1}},"line":33},"5":{"name":"(anonymous_5)","decl":{"start":{"line":40,"column":4},"end":{"line":40,"column":5}},"loc":{"start":{"line":40,"column":51},"end":{"line":55,"column":5}},"line":40},"6":{"name":"(anonymous_6)","decl":{"start":{"line":59,"column":31},"end":{"line":59,"column":32}},"loc":{"start":{"line":59,"column":51},"end":{"line":61,"column":3}},"line":59},"7":{"name":"(anonymous_7)","decl":{"start":{"line":64,"column":4},"end":{"line":64,"column":5}},"loc":{"start":{"line":64,"column":24},"end":{"line":81,"column":5}},"line":64}},"branchMap":{"0":{"loc":{"start":{"line":68,"column":6},"end":{"line":80,"column":7}},"type":"if","locations":[{"start":{"line":68,"column":6},"end":{"line":80,"column":7}},{"start":{},"end":{}}],"line":68}},"s":{"0":1,"1":1,"2":10,"3":1,"4":5,"5":5,"6":5,"7":5,"8":5,"9":0,"10":0,"11":0,"12":0,"13":0,"14":0,"15":0,"16":0,"17":0,"18":5,"19":0,"20":5,"21":0,"22":0,"23":0,"24":5},"f":{"0":0,"1":0,"2":0,"3":10,"4":5,"5":0,"6":0,"7":0},"b":{"0":[0,0]},"_coverageSchema":"1a1c01bbd47fc00a2c39e90264f33305004495a9","hash":"afad7ccfffa53a83cd56c265b3960d0f4711d764"}
,"/Users/dougmbp/Projects/steris/spm-react-native/modules/lingo/src/components/containers/ShadowTopWrapper/ShadowTopWrapper.tsx": {"path":"/Users/dougmbp/Projects/steris/spm-react-native/modules/lingo/src/components/containers/ShadowTopWrapper/ShadowTopWrapper.tsx","statementMap":{"0":{"start":{"line":11,"column":59},"end":{"line":33,"column":1}},"1":{"start":{"line":12,"column":22},"end":{"line":12,"column":33}},"2":{"start":{"line":13,"column":21},"end":{"line":13,"column":32}},"3":{"start":{"line":15,"column":2},"end":{"line":32,"column":3}},"4":{"start":{"line":35,"column":15},"end":{"line":62,"column":2}}},"fnMap":{"0":{"name":"(anonymous_0)","decl":{"start":{"line":11,"column":59},"end":{"line":11,"column":60}},"loc":{"start":{"line":11,"column":77},"end":{"line":33,"column":1}},"line":11}},"branchMap":{"0":{"loc":{"start":{"line":20,"column":10},"end":{"line":20,"column":69}},"type":"binary-expr","locations":[{"start":{"line":20,"column":10},"end":{"line":20,"column":20}},{"start":{"line":20,"column":24},"end":{"line":20,"column":45}},{"start":{"line":20,"column":49},"end":{"line":20,"column":69}}],"line":20},"1":{"loc":{"start":{"line":25,"column":7},"end":{"line":30,"column":7}},"type":"binary-expr","locations":[{"start":{"line":25,"column":7},"end":{"line":25,"column":17}},{"start":{"line":25,"column":21},"end":{"line":25,"column":46}},{"start":{"line":26,"column":8},"end":{"line":29,"column":10}}],"line":25}},"s":{"0":1,"1":5,"2":5,"3":5,"4":1},"f":{"0":5},"b":{"0":[5,0,0],"1":[5,0,0]},"_coverageSchema":"1a1c01bbd47fc00a2c39e90264f33305004495a9","hash":"cdeb3f4f6caa6904bde3f8dc9911d0f9496c84e9"}
,"/Users/dougmbp/Projects/steris/spm-react-native/modules/lingo/src/components/data-display/index.ts": {"path":"/Users/dougmbp/Projects/steris/spm-react-native/modules/lingo/src/components/data-display/index.ts","statementMap":{},"fnMap":{},"branchMap":{},"s":{},"f":{},"b":{},"_coverageSchema":"1a1c01bbd47fc00a2c39e90264f33305004495a9","hash":"ba76bd07c9ca40051c77b1eeabce4e6fe4aaddd9"}
,"/Users/dougmbp/Projects/steris/spm-react-native/modules/lingo/src/components/data-display/List/SimpleList.tsx": {"path":"/Users/dougmbp/Projects/steris/spm-react-native/modules/lingo/src/components/data-display/List/SimpleList.tsx","statementMap":{"0":{"start":{"line":21,"column":26},"end":{"line":33,"column":3}},"1":{"start":{"line":22,"column":4},"end":{"line":32,"column":6}},"2":{"start":{"line":31,"column":21},"end":{"line":31,"column":39}},"3":{"start":{"line":35,"column":2},"end":{"line":42,"column":3}},"4":{"start":{"line":40,"column":36},"end":{"line":40,"column":69}},"5":{"start":{"line":45,"column":15},"end":{"line":56,"column":2}}},"fnMap":{"0":{"name":"SimpleList","decl":{"start":{"line":14,"column":16},"end":{"line":14,"column":26}},"loc":{"start":{"line":20,"column":23},"end":{"line":43,"column":1}},"line":20},"1":{"name":"(anonymous_1)","decl":{"start":{"line":21,"column":26},"end":{"line":21,"column":27}},"loc":{"start":{"line":22,"column":4},"end":{"line":32,"column":6}},"line":22},"2":{"name":"(anonymous_2)","decl":{"start":{"line":31,"column":15},"end":{"line":31,"column":16}},"loc":{"start":{"line":31,"column":21},"end":{"line":31,"column":39}},"line":31},"3":{"name":"(anonymous_3)","decl":{"start":{"line":40,"column":30},"end":{"line":40,"column":31}},"loc":{"start":{"line":40,"column":36},"end":{"line":40,"column":69}},"line":40}},"branchMap":{"0":{"loc":{"start":{"line":25,"column":8},"end":{"line":28,"column":11}},"type":"binary-expr","locations":[{"start":{"line":25,"column":8},"end":{"line":25,"column":20}},{"start":{"line":26,"column":10},"end":{"line":26,"column":59}},{"start":{"line":26,"column":63},"end":{"line":28,"column":11}}],"line":25}},"s":{"0":0,"1":0,"2":0,"3":0,"4":0,"5":1},"f":{"0":0,"1":0,"2":0,"3":0},"b":{"0":[0,0,0]},"_coverageSchema":"1a1c01bbd47fc00a2c39e90264f33305004495a9","hash":"b4dbcacf57e8367c6486acbc3992e420861f6aeb"}
,"/Users/dougmbp/Projects/steris/spm-react-native/modules/lingo/src/components/data-display/List/index.ts": {"path":"/Users/dougmbp/Projects/steris/spm-react-native/modules/lingo/src/components/data-display/List/index.ts","statementMap":{},"fnMap":{},"branchMap":{},"s":{},"f":{},"b":{},"_coverageSchema":"1a1c01bbd47fc00a2c39e90264f33305004495a9","hash":"f6896ea93473274278beb41552dcee9f1a174513"}
,"/Users/dougmbp/Projects/steris/spm-react-native/modules/lingo/src/components/data-display/Tab/Tab.tsx": {"path":"/Users/dougmbp/Projects/steris/spm-react-native/modules/lingo/src/components/data-display/Tab/Tab.tsx","statementMap":{"0":{"start":{"line":11,"column":33},"end":{"line":13,"column":1}},"1":{"start":{"line":12,"column":2},"end":{"line":12,"column":57}},"2":{"start":{"line":15,"column":15},"end":{"line":20,"column":2}}},"fnMap":{"0":{"name":"(anonymous_0)","decl":{"start":{"line":11,"column":33},"end":{"line":11,"column":34}},"loc":{"start":{"line":11,"column":51},"end":{"line":13,"column":1}},"line":11}},"branchMap":{},"s":{"0":1,"1":0,"2":1},"f":{"0":0},"b":{},"_coverageSchema":"1a1c01bbd47fc00a2c39e90264f33305004495a9","hash":"152a8e0c9abb3b28fa72b821b344d293509cbde2"}
,"/Users/dougmbp/Projects/steris/spm-react-native/modules/lingo/src/components/data-display/Tab/index.ts": {"path":"/Users/dougmbp/Projects/steris/spm-react-native/modules/lingo/src/components/data-display/Tab/index.ts","statementMap":{},"fnMap":{},"branchMap":{},"s":{},"f":{},"b":{},"_coverageSchema":"1a1c01bbd47fc00a2c39e90264f33305004495a9","hash":"53919caa69f2e2e106a5d8fed6c77b1709beff15"}
,"/Users/dougmbp/Projects/steris/spm-react-native/modules/lingo/src/components/data-display/Tabs/Tabs.tsx": {"path":"/Users/dougmbp/Projects/steris/spm-react-native/modules/lingo/src/components/data-display/Tabs/Tabs.tsx","statementMap":{"0":{"start":{"line":27,"column":35},"end":{"line":150,"column":1}},"1":{"start":{"line":28,"column":40},"end":{"line":28,"column":63}},"2":{"start":{"line":29,"column":46},"end":{"line":29,"column":57}},"3":{"start":{"line":30,"column":24},"end":{"line":30,"column":48}},"4":{"start":{"line":31,"column":18},"end":{"line":31,"column":55}},"5":{"start":{"line":32,"column":20},"end":{"line":32,"column":46}},"6":{"start":{"line":33,"column":22},"end":{"line":33,"column":35}},"7":{"start":{"line":35,"column":2},"end":{"line":37,"column":16}},"8":{"start":{"line":36,"column":4},"end":{"line":36,"column":28}},"9":{"start":{"line":39,"column":23},"end":{"line":41,"column":3}},"10":{"start":{"line":40,"column":4},"end":{"line":40,"column":53}},"11":{"start":{"line":43,"column":25},"end":{"line":60,"column":3}},"12":{"start":{"line":44,"column":4},"end":{"line":44,"column":35}},"13":{"start":{"line":44,"column":29},"end":{"line":44,"column":35}},"14":{"start":{"line":46,"column":4},"end":{"line":46,"column":30}},"15":{"start":{"line":47,"column":4},"end":{"line":47,"column":25}},"16":{"start":{"line":49,"column":4},"end":{"line":52,"column":6}},"17":{"start":{"line":54,"column":4},"end":{"line":54,"column":26}},"18":{"start":{"line":57,"column":4},"end":{"line":59,"column":11}},"19":{"start":{"line":58,"column":6},"end":{"line":58,"column":33}},"20":{"start":{"line":62,"column":23},"end":{"line":78,"column":3}},"21":{"start":{"line":67,"column":8},"end":{"line":67,"column":39}},"22":{"start":{"line":67,"column":33},"end":{"line":67,"column":39}},"23":{"start":{"line":69,"column":25},"end":{"line":71,"column":9}},"24":{"start":{"line":72,"column":8},"end":{"line":75,"column":9}},"25":{"start":{"line":73,"column":10},"end":{"line":73,"column":34}},"26":{"start":{"line":74,"column":10},"end":{"line":74,"column":35}},"27":{"start":{"line":80,"column":34},"end":{"line":82,"column":3}},"28":{"start":{"line":81,"column":4},"end":{"line":81,"column":31}},"29":{"start":{"line":84,"column":25},"end":{"line":103,"column":3}},"30":{"start":{"line":88,"column":4},"end":{"line":88,"column":27}},"31":{"start":{"line":88,"column":16},"end":{"line":88,"column":27}},"32":{"start":{"line":90,"column":4},"end":{"line":102,"column":5}},"33":{"start":{"line":105,"column":2},"end":{"line":149,"column":3}},"34":{"start":{"line":109,"column":27},"end":{"line":109,"column":48}},"35":{"start":{"line":110,"column":10},"end":{"line":124,"column":11}},"36":{"start":{"line":114,"column":29},"end":{"line":114,"column":50}},"37":{"start":{"line":140,"column":10},"end":{"line":145,"column":17}},"38":{"start":{"line":152,"column":15},"end":{"line":198,"column":2}}},"fnMap":{"0":{"name":"(anonymous_0)","decl":{"start":{"line":27,"column":35},"end":{"line":27,"column":36}},"loc":{"start":{"line":27,"column":78},"end":{"line":150,"column":1}},"line":27},"1":{"name":"(anonymous_1)","decl":{"start":{"line":35,"column":12},"end":{"line":35,"column":13}},"loc":{"start":{"line":35,"column":18},"end":{"line":37,"column":3}},"line":35},"2":{"name":"(anonymous_2)","decl":{"start":{"line":39,"column":23},"end":{"line":39,"column":24}},"loc":{"start":{"line":39,"column":53},"end":{"line":41,"column":3}},"line":39},"3":{"name":"(anonymous_3)","decl":{"start":{"line":43,"column":25},"end":{"line":43,"column":26}},"loc":{"start":{"line":43,"column":44},"end":{"line":60,"column":3}},"line":43},"4":{"name":"(anonymous_4)","decl":{"start":{"line":57,"column":15},"end":{"line":57,"column":16}},"loc":{"start":{"line":57,"column":21},"end":{"line":59,"column":5}},"line":57},"5":{"name":"(anonymous_5)","decl":{"start":{"line":66,"column":16},"end":{"line":66,"column":17}},"loc":{"start":{"line":66,"column":32},"end":{"line":76,"column":7}},"line":66},"6":{"name":"(anonymous_6)","decl":{"start":{"line":80,"column":34},"end":{"line":80,"column":35}},"loc":{"start":{"line":80,"column":40},"end":{"line":82,"column":3}},"line":80},"7":{"name":"(anonymous_7)","decl":{"start":{"line":84,"column":25},"end":{"line":84,"column":26}},"loc":{"start":{"line":87,"column":7},"end":{"line":103,"column":3}},"line":87},"8":{"name":"(anonymous_8)","decl":{"start":{"line":108,"column":23},"end":{"line":108,"column":24}},"loc":{"start":{"line":108,"column":44},"end":{"line":125,"column":9}},"line":108},"9":{"name":"(anonymous_9)","decl":{"start":{"line":114,"column":23},"end":{"line":114,"column":24}},"loc":{"start":{"line":114,"column":29},"end":{"line":114,"column":50}},"line":114},"10":{"name":"(anonymous_10)","decl":{"start":{"line":139,"column":23},"end":{"line":139,"column":24}},"loc":{"start":{"line":140,"column":10},"end":{"line":145,"column":17}},"line":140}},"branchMap":{"0":{"loc":{"start":{"line":28,"column":49},"end":{"line":28,"column":62}},"type":"binary-expr","locations":[{"start":{"line":28,"column":49},"end":{"line":28,"column":57}},{"start":{"line":28,"column":61},"end":{"line":28,"column":62}}],"line":28},"1":{"loc":{"start":{"line":44,"column":4},"end":{"line":44,"column":35}},"type":"if","locations":[{"start":{"line":44,"column":4},"end":{"line":44,"column":35}},{"start":{},"end":{}}],"line":44},"2":{"loc":{"start":{"line":67,"column":8},"end":{"line":67,"column":39}},"type":"if","locations":[{"start":{"line":67,"column":8},"end":{"line":67,"column":39}},{"start":{},"end":{}}],"line":67},"3":{"loc":{"start":{"line":72,"column":8},"end":{"line":75,"column":9}},"type":"if","locations":[{"start":{"line":72,"column":8},"end":{"line":75,"column":9}},{"start":{},"end":{}}],"line":72},"4":{"loc":{"start":{"line":88,"column":4},"end":{"line":88,"column":27}},"type":"if","locations":[{"start":{"line":88,"column":4},"end":{"line":88,"column":27}},{"start":{},"end":{}}],"line":88},"5":{"loc":{"start":{"line":91,"column":34},"end":{"line":91,"column":64}},"type":"binary-expr","locations":[{"start":{"line":91,"column":34},"end":{"line":91,"column":42}},{"start":{"line":91,"column":46},"end":{"line":91,"column":64}}],"line":91},"6":{"loc":{"start":{"line":95,"column":12},"end":{"line":95,"column":75}},"type":"cond-expr","locations":[{"start":{"line":95,"column":23},"end":{"line":95,"column":47}},{"start":{"line":95,"column":50},"end":{"line":95,"column":75}}],"line":95},"7":{"loc":{"start":{"line":99,"column":11},"end":{"line":99,"column":62}},"type":"cond-expr","locations":[{"start":{"line":99,"column":40},"end":{"line":99,"column":42}},{"start":{"line":99,"column":45},"end":{"line":99,"column":62}}],"line":99},"8":{"loc":{"start":{"line":113,"column":34},"end":{"line":113,"column":62}},"type":"binary-expr","locations":[{"start":{"line":113,"column":34},"end":{"line":113,"column":42}},{"start":{"line":113,"column":46},"end":{"line":113,"column":62}}],"line":113},"9":{"loc":{"start":{"line":144,"column":13},"end":{"line":144,"column":65}},"type":"cond-expr","locations":[{"start":{"line":144,"column":41},"end":{"line":144,"column":59}},{"start":{"line":144,"column":62},"end":{"line":144,"column":65}}],"line":144}},"s":{"0":1,"1":0,"2":0,"3":0,"4":0,"5":0,"6":0,"7":0,"8":0,"9":0,"10":0,"11":0,"12":0,"13":0,"14":0,"15":0,"16":0,"17":0,"18":0,"19":0,"20":0,"21":0,"22":0,"23":0,"24":0,"25":0,"26":0,"27":0,"28":0,"29":0,"30":0,"31":0,"32":0,"33":0,"34":0,"35":0,"36":0,"37":0,"38":1},"f":{"0":0,"1":0,"2":0,"3":0,"4":0,"5":0,"6":0,"7":0,"8":0,"9":0,"10":0},"b":{"0":[0,0],"1":[0,0],"2":[0,0],"3":[0,0],"4":[0,0],"5":[0,0],"6":[0,0],"7":[0,0],"8":[0,0],"9":[0,0]},"_coverageSchema":"1a1c01bbd47fc00a2c39e90264f33305004495a9","hash":"d8274e46d067265d3c3204c0e5f8c037fb0f47f2"}
,"/Users/dougmbp/Projects/steris/spm-react-native/modules/lingo/src/components/data-display/Tabs/index.ts": {"path":"/Users/dougmbp/Projects/steris/spm-react-native/modules/lingo/src/components/data-display/Tabs/index.ts","statementMap":{},"fnMap":{},"branchMap":{},"s":{},"f":{},"b":{},"_coverageSchema":"1a1c01bbd47fc00a2c39e90264f33305004495a9","hash":"35ee3db8bd757a0c7a6f6f92427853c087a5dc31"}
,"/Users/dougmbp/Projects/steris/spm-react-native/modules/lingo/src/components/data-display/Text/Text.tsx": {"path":"/Users/dougmbp/Projects/steris/spm-react-native/modules/lingo/src/components/data-display/Text/Text.tsx","statementMap":{"0":{"start":{"line":15,"column":46},"end":{"line":29,"column":1}},"1":{"start":{"line":37,"column":35},"end":{"line":55,"column":1}},"2":{"start":{"line":38,"column":16},"end":{"line":38,"column":26}},"3":{"start":{"line":39,"column":23},"end":{"line":39,"column":46}},"4":{"start":{"line":41,"column":24},"end":{"line":48,"column":3}},"5":{"start":{"line":50,"column":2},"end":{"line":54,"column":3}}},"fnMap":{"0":{"name":"(anonymous_0)","decl":{"start":{"line":37,"column":35},"end":{"line":37,"column":36}},"loc":{"start":{"line":37,"column":69},"end":{"line":55,"column":1}},"line":37}},"branchMap":{},"s":{"0":1,"1":1,"2":0,"3":0,"4":0,"5":0},"f":{"0":0},"b":{},"_coverageSchema":"1a1c01bbd47fc00a2c39e90264f33305004495a9","hash":"437ad5daa1e4a8d27d8b9b054b5e4171bf78e34f"}
,"/Users/dougmbp/Projects/steris/spm-react-native/modules/lingo/src/components/data-display/Text/index.ts": {"path":"/Users/dougmbp/Projects/steris/spm-react-native/modules/lingo/src/components/data-display/Text/index.ts","statementMap":{},"fnMap":{},"branchMap":{},"s":{},"f":{},"b":{},"_coverageSchema":"1a1c01bbd47fc00a2c39e90264f33305004495a9","hash":"d0e2a5fa854b829000ee6e113bc41f6a61bfad49"}
,"/Users/dougmbp/Projects/steris/spm-react-native/modules/lingo/src/components/debug/FloatingVersionText.tsx": {"path":"/Users/dougmbp/Projects/steris/spm-react-native/modules/lingo/src/components/debug/FloatingVersionText.tsx","statementMap":{"0":{"start":{"line":11,"column":65},"end":{"line":28,"column":1}},"1":{"start":{"line":14,"column":36},"end":{"line":14,"column":51}},"2":{"start":{"line":16,"column":2},"end":{"line":27,"column":3}},"3":{"start":{"line":19,"column":21},"end":{"line":19,"column":45}},"4":{"start":{"line":30,"column":15},"end":{"line":38,"column":2}}},"fnMap":{"0":{"name":"(anonymous_0)","decl":{"start":{"line":11,"column":65},"end":{"line":11,"column":66}},"loc":{"start":{"line":13,"column":6},"end":{"line":28,"column":1}},"line":13},"1":{"name":"(anonymous_1)","decl":{"start":{"line":19,"column":15},"end":{"line":19,"column":16}},"loc":{"start":{"line":19,"column":21},"end":{"line":19,"column":45}},"line":19}},"branchMap":{"0":{"loc":{"start":{"line":21,"column":7},"end":{"line":25,"column":7}},"type":"binary-expr","locations":[{"start":{"line":21,"column":7},"end":{"line":21,"column":16}},{"start":{"line":22,"column":8},"end":{"line":24,"column":21}}],"line":21}},"s":{"0":1,"1":0,"2":0,"3":0,"4":1},"f":{"0":0,"1":0},"b":{"0":[0,0]},"_coverageSchema":"1a1c01bbd47fc00a2c39e90264f33305004495a9","hash":"e0200e8f8b630ac9520286c1258b738f99596ab6"}
,"/Users/dougmbp/Projects/steris/spm-react-native/modules/lingo/src/components/debug/index.ts": {"path":"/Users/dougmbp/Projects/steris/spm-react-native/modules/lingo/src/components/debug/index.ts","statementMap":{},"fnMap":{},"branchMap":{},"s":{},"f":{},"b":{},"_coverageSchema":"1a1c01bbd47fc00a2c39e90264f33305004495a9","hash":"cf86539b743f688665d10b1a177bfb26aed64251"}
,"/Users/dougmbp/Projects/steris/spm-react-native/modules/lingo/src/components/drawer/Drawer.tsx": {"path":"/Users/dougmbp/Projects/steris/spm-react-native/modules/lingo/src/components/drawer/Drawer.tsx","statementMap":{"0":{"start":{"line":12,"column":39},"end":{"line":16,"column":1}},"1":{"start":{"line":13,"column":2},"end":{"line":15,"column":17}},"2":{"start":{"line":18,"column":15},"end":{"line":20,"column":2}}},"fnMap":{"0":{"name":"(anonymous_0)","decl":{"start":{"line":12,"column":39},"end":{"line":12,"column":40}},"loc":{"start":{"line":13,"column":2},"end":{"line":15,"column":17}},"line":13}},"branchMap":{},"s":{"0":1,"1":0,"2":1},"f":{"0":0},"b":{},"_coverageSchema":"1a1c01bbd47fc00a2c39e90264f33305004495a9","hash":"e7532d2e5d605595799c477c147a67bcf760d388"}
,"/Users/dougmbp/Projects/steris/spm-react-native/modules/lingo/src/components/drawer/index.ts": {"path":"/Users/dougmbp/Projects/steris/spm-react-native/modules/lingo/src/components/drawer/index.ts","statementMap":{},"fnMap":{},"branchMap":{},"s":{},"f":{},"b":{},"_coverageSchema":"1a1c01bbd47fc00a2c39e90264f33305004495a9","hash":"aa42e41653a70ffc0ee40ed7a4a4be275136665d"}
,"/Users/dougmbp/Projects/steris/spm-react-native/modules/lingo/src/components/feedback/index.ts": {"path":"/Users/dougmbp/Projects/steris/spm-react-native/modules/lingo/src/components/feedback/index.ts","statementMap":{},"fnMap":{},"branchMap":{},"s":{},"f":{},"b":{},"_coverageSchema":"1a1c01bbd47fc00a2c39e90264f33305004495a9","hash":"15c106eb398e0a5abcab56e60273f43ddc9701a0"}
,"/Users/dougmbp/Projects/steris/spm-react-native/modules/lingo/src/components/feedback/Dialog/DialogMessage.tsx": {"path":"/Users/dougmbp/Projects/steris/spm-react-native/modules/lingo/src/components/feedback/Dialog/DialogMessage.tsx","statementMap":{"0":{"start":{"line":75,"column":22},"end":{"line":335,"column":2}},"1":{"start":{"line":76,"column":29},"end":{"line":76,"column":77}},"2":{"start":{"line":77,"column":28},"end":{"line":83,"column":4}},"3":{"start":{"line":85,"column":2},"end":{"line":111,"column":5}},"4":{"start":{"line":85,"column":34},"end":{"line":111,"column":3}},"5":{"start":{"line":94,"column":6},"end":{"line":106,"column":8}},"6":{"start":{"line":96,"column":8},"end":{"line":96,"column":44}},"7":{"start":{"line":97,"column":8},"end":{"line":105,"column":10}},"8":{"start":{"line":109,"column":6},"end":{"line":109,"column":18}},"9":{"start":{"line":113,"column":19},"end":{"line":125,"column":3}},"10":{"start":{"line":115,"column":20},"end":{"line":115,"column":46}},"11":{"start":{"line":117,"column":4},"end":{"line":117,"column":42}},"12":{"start":{"line":119,"column":4},"end":{"line":119,"column":16}},"13":{"start":{"line":122,"column":4},"end":{"line":124,"column":9}},"14":{"start":{"line":123,"column":6},"end":{"line":123,"column":25}},"15":{"start":{"line":127,"column":21},"end":{"line":137,"column":3}},"16":{"start":{"line":128,"column":4},"end":{"line":136,"column":6}},"17":{"start":{"line":139,"column":32},"end":{"line":147,"column":3}},"18":{"start":{"line":140,"column":4},"end":{"line":145,"column":5}},"19":{"start":{"line":141,"column":6},"end":{"line":144,"column":20}},"20":{"start":{"line":146,"column":4},"end":{"line":146,"column":20}},"21":{"start":{"line":149,"column":25},"end":{"line":187,"column":3}},"22":{"start":{"line":155,"column":4},"end":{"line":186,"column":7}},"23":{"start":{"line":158,"column":23},"end":{"line":158,"column":42}},"24":{"start":{"line":175,"column":23},"end":{"line":175,"column":42}},"25":{"start":{"line":189,"column":24},"end":{"line":270,"column":3}},"26":{"start":{"line":190,"column":4},"end":{"line":269,"column":5}},"27":{"start":{"line":191,"column":6},"end":{"line":191,"column":17}},"28":{"start":{"line":192,"column":11},"end":{"line":269,"column":5}},"29":{"start":{"line":193,"column":6},"end":{"line":202,"column":7}},"30":{"start":{"line":196,"column":25},"end":{"line":196,"column":59}},"31":{"start":{"line":203,"column":11},"end":{"line":269,"column":5}},"32":{"start":{"line":204,"column":6},"end":{"line":209,"column":7}},"33":{"start":{"line":210,"column":11},"end":{"line":269,"column":5}},"34":{"start":{"line":211,"column":6},"end":{"line":219,"column":7}},"35":{"start":{"line":214,"column":25},"end":{"line":214,"column":62}},"36":{"start":{"line":220,"column":11},"end":{"line":269,"column":5}},"37":{"start":{"line":221,"column":6},"end":{"line":226,"column":7}},"38":{"start":{"line":227,"column":11},"end":{"line":269,"column":5}},"39":{"start":{"line":228,"column":6},"end":{"line":233,"column":7}},"40":{"start":{"line":234,"column":11},"end":{"line":269,"column":5}},"41":{"start":{"line":235,"column":6},"end":{"line":240,"column":7}},"42":{"start":{"line":241,"column":11},"end":{"line":269,"column":5}},"43":{"start":{"line":242,"column":6},"end":{"line":247,"column":7}},"44":{"start":{"line":248,"column":11},"end":{"line":269,"column":5}},"45":{"start":{"line":249,"column":6},"end":{"line":254,"column":7}},"46":{"start":{"line":255,"column":11},"end":{"line":269,"column":5}},"47":{"start":{"line":256,"column":6},"end":{"line":261,"column":7}},"48":{"start":{"line":262,"column":11},"end":{"line":269,"column":5}},"49":{"start":{"line":263,"column":6},"end":{"line":268,"column":7}},"50":{"start":{"line":272,"column":28},"end":{"line":310,"column":3}},"51":{"start":{"line":273,"column":4},"end":{"line":273,"column":39}},"52":{"start":{"line":273,"column":28},"end":{"line":273,"column":39}},"53":{"start":{"line":275,"column":4},"end":{"line":309,"column":5}},"54":{"start":{"line":312,"column":2},"end":{"line":334,"column":3}},"55":{"start":{"line":316,"column":25},"end":{"line":316,"column":66}},"56":{"start":{"line":337,"column":0},"end":{"line":337,"column":43}},"57":{"start":{"line":341,"column":15},"end":{"line":369,"column":2}}},"fnMap":{"0":{"name":"(anonymous_0)","decl":{"start":{"line":75,"column":51},"end":{"line":75,"column":52}},"loc":{"start":{"line":75,"column":68},"end":{"line":335,"column":1}},"line":75},"1":{"name":"(anonymous_1)","decl":{"start":{"line":85,"column":27},"end":{"line":85,"column":28}},"loc":{"start":{"line":85,"column":34},"end":{"line":111,"column":3}},"line":85},"2":{"name":"(anonymous_2)","decl":{"start":{"line":86,"column":15},"end":{"line":86,"column":16}},"loc":{"start":{"line":93,"column":42},"end":{"line":107,"column":5}},"line":93},"3":{"name":"(anonymous_3)","decl":{"start":{"line":94,"column":25},"end":{"line":94,"column":26}},"loc":{"start":{"line":94,"column":38},"end":{"line":106,"column":7}},"line":94},"4":{"name":"(anonymous_4)","decl":{"start":{"line":108,"column":18},"end":{"line":108,"column":19}},"loc":{"start":{"line":108,"column":24},"end":{"line":110,"column":5}},"line":108},"5":{"name":"(anonymous_5)","decl":{"start":{"line":113,"column":19},"end":{"line":113,"column":20}},"loc":{"start":{"line":113,"column":56},"end":{"line":125,"column":3}},"line":113},"6":{"name":"(anonymous_6)","decl":{"start":{"line":122,"column":15},"end":{"line":122,"column":16}},"loc":{"start":{"line":122,"column":21},"end":{"line":124,"column":5}},"line":122},"7":{"name":"(anonymous_7)","decl":{"start":{"line":127,"column":21},"end":{"line":127,"column":22}},"loc":{"start":{"line":127,"column":27},"end":{"line":137,"column":3}},"line":127},"8":{"name":"(anonymous_8)","decl":{"start":{"line":139,"column":32},"end":{"line":139,"column":33}},"loc":{"start":{"line":139,"column":69},"end":{"line":147,"column":3}},"line":139},"9":{"name":"(anonymous_9)","decl":{"start":{"line":149,"column":25},"end":{"line":149,"column":26}},"loc":{"start":{"line":155,"column":4},"end":{"line":186,"column":7}},"line":155},"10":{"name":"(anonymous_10)","decl":{"start":{"line":158,"column":17},"end":{"line":158,"column":18}},"loc":{"start":{"line":158,"column":23},"end":{"line":158,"column":42}},"line":158},"11":{"name":"(anonymous_11)","decl":{"start":{"line":175,"column":17},"end":{"line":175,"column":18}},"loc":{"start":{"line":175,"column":23},"end":{"line":175,"column":42}},"line":175},"12":{"name":"(anonymous_12)","decl":{"start":{"line":189,"column":24},"end":{"line":189,"column":25}},"loc":{"start":{"line":189,"column":30},"end":{"line":270,"column":3}},"line":189},"13":{"name":"(anonymous_13)","decl":{"start":{"line":196,"column":19},"end":{"line":196,"column":20}},"loc":{"start":{"line":196,"column":25},"end":{"line":196,"column":59}},"line":196},"14":{"name":"(anonymous_14)","decl":{"start":{"line":214,"column":19},"end":{"line":214,"column":20}},"loc":{"start":{"line":214,"column":25},"end":{"line":214,"column":62}},"line":214},"15":{"name":"(anonymous_15)","decl":{"start":{"line":272,"column":28},"end":{"line":272,"column":29}},"loc":{"start":{"line":272,"column":34},"end":{"line":310,"column":3}},"line":272},"16":{"name":"(anonymous_16)","decl":{"start":{"line":316,"column":19},"end":{"line":316,"column":20}},"loc":{"start":{"line":316,"column":25},"end":{"line":316,"column":66}},"line":316}},"branchMap":{"0":{"loc":{"start":{"line":101,"column":16},"end":{"line":101,"column":51}},"type":"binary-expr","locations":[{"start":{"line":101,"column":16},"end":{"line":101,"column":27}},{"start":{"line":101,"column":31},"end":{"line":101,"column":51}}],"line":101},"1":{"loc":{"start":{"line":104,"column":20},"end":{"line":104,"column":44}},"type":"binary-expr","locations":[{"start":{"line":104,"column":20},"end":{"line":104,"column":35}},{"start":{"line":104,"column":39},"end":{"line":104,"column":44}}],"line":104},"2":{"loc":{"start":{"line":140,"column":4},"end":{"line":145,"column":5}},"type":"if","locations":[{"start":{"line":140,"column":4},"end":{"line":145,"column":5}},{"start":{},"end":{}}],"line":140},"3":{"loc":{"start":{"line":161,"column":10},"end":{"line":163,"column":42}},"type":"cond-expr","locations":[{"start":{"line":162,"column":14},"end":{"line":162,"column":36}},{"start":{"line":163,"column":14},"end":{"line":163,"column":42}}],"line":161},"4":{"loc":{"start":{"line":171,"column":10},"end":{"line":173,"column":32}},"type":"cond-expr","locations":[{"start":{"line":172,"column":14},"end":{"line":172,"column":34}},{"start":{"line":173,"column":14},"end":{"line":173,"column":32}}],"line":171},"5":{"loc":{"start":{"line":177,"column":10},"end":{"line":181,"column":44}},"type":"cond-expr","locations":[{"start":{"line":178,"column":14},"end":{"line":178,"column":38}},{"start":{"line":179,"column":14},"end":{"line":181,"column":44}}],"line":177},"6":{"loc":{"start":{"line":179,"column":14},"end":{"line":181,"column":44}},"type":"cond-expr","locations":[{"start":{"line":180,"column":16},"end":{"line":180,"column":43}},{"start":{"line":181,"column":16},"end":{"line":181,"column":44}}],"line":179},"7":{"loc":{"start":{"line":190,"column":4},"end":{"line":269,"column":5}},"type":"if","locations":[{"start":{"line":190,"column":4},"end":{"line":269,"column":5}},{"start":{"line":192,"column":11},"end":{"line":269,"column":5}}],"line":190},"8":{"loc":{"start":{"line":192,"column":11},"end":{"line":269,"column":5}},"type":"if","locations":[{"start":{"line":192,"column":11},"end":{"line":269,"column":5}},{"start":{"line":203,"column":11},"end":{"line":269,"column":5}}],"line":192},"9":{"loc":{"start":{"line":203,"column":11},"end":{"line":269,"column":5}},"type":"if","locations":[{"start":{"line":203,"column":11},"end":{"line":269,"column":5}},{"start":{"line":210,"column":11},"end":{"line":269,"column":5}}],"line":203},"10":{"loc":{"start":{"line":210,"column":11},"end":{"line":269,"column":5}},"type":"if","locations":[{"start":{"line":210,"column":11},"end":{"line":269,"column":5}},{"start":{"line":220,"column":11},"end":{"line":269,"column":5}}],"line":210},"11":{"loc":{"start":{"line":220,"column":11},"end":{"line":269,"column":5}},"type":"if","locations":[{"start":{"line":220,"column":11},"end":{"line":269,"column":5}},{"start":{"line":227,"column":11},"end":{"line":269,"column":5}}],"line":220},"12":{"loc":{"start":{"line":227,"column":11},"end":{"line":269,"column":5}},"type":"if","locations":[{"start":{"line":227,"column":11},"end":{"line":269,"column":5}},{"start":{"line":234,"column":11},"end":{"line":269,"column":5}}],"line":227},"13":{"loc":{"start":{"line":234,"column":11},"end":{"line":269,"column":5}},"type":"if","locations":[{"start":{"line":234,"column":11},"end":{"line":269,"column":5}},{"start":{"line":241,"column":11},"end":{"line":269,"column":5}}],"line":234},"14":{"loc":{"start":{"line":241,"column":11},"end":{"line":269,"column":5}},"type":"if","locations":[{"start":{"line":241,"column":11},"end":{"line":269,"column":5}},{"start":{"line":248,"column":11},"end":{"line":269,"column":5}}],"line":241},"15":{"loc":{"start":{"line":248,"column":11},"end":{"line":269,"column":5}},"type":"if","locations":[{"start":{"line":248,"column":11},"end":{"line":269,"column":5}},{"start":{"line":255,"column":11},"end":{"line":269,"column":5}}],"line":248},"16":{"loc":{"start":{"line":255,"column":11},"end":{"line":269,"column":5}},"type":"if","locations":[{"start":{"line":255,"column":11},"end":{"line":269,"column":5}},{"start":{"line":262,"column":11},"end":{"line":269,"column":5}}],"line":255},"17":{"loc":{"start":{"line":262,"column":11},"end":{"line":269,"column":5}},"type":"if","locations":[{"start":{"line":262,"column":11},"end":{"line":269,"column":5}},{"start":{},"end":{}}],"line":262},"18":{"loc":{"start":{"line":264,"column":8},"end":{"line":264,"column":55}},"type":"binary-expr","locations":[{"start":{"line":264,"column":8},"end":{"line":264,"column":43}},{"start":{"line":264,"column":47},"end":{"line":264,"column":55}}],"line":264},"19":{"loc":{"start":{"line":265,"column":8},"end":{"line":265,"column":78}},"type":"binary-expr","locations":[{"start":{"line":265,"column":8},"end":{"line":265,"column":46}},{"start":{"line":265,"column":50},"end":{"line":265,"column":78}}],"line":265},"20":{"loc":{"start":{"line":266,"column":8},"end":{"line":266,"column":53}},"type":"binary-expr","locations":[{"start":{"line":266,"column":8},"end":{"line":266,"column":41}},{"start":{"line":266,"column":45},"end":{"line":266,"column":53}}],"line":266},"21":{"loc":{"start":{"line":267,"column":8},"end":{"line":267,"column":72}},"type":"binary-expr","locations":[{"start":{"line":267,"column":8},"end":{"line":267,"column":44}},{"start":{"line":267,"column":48},"end":{"line":267,"column":72}}],"line":267},"22":{"loc":{"start":{"line":273,"column":4},"end":{"line":273,"column":39}},"type":"if","locations":[{"start":{"line":273,"column":4},"end":{"line":273,"column":39}},{"start":{},"end":{}}],"line":273},"23":{"loc":{"start":{"line":325,"column":11},"end":{"line":329,"column":11}},"type":"cond-expr","locations":[{"start":{"line":326,"column":12},"end":{"line":326,"column":31}},{"start":{"line":328,"column":12},"end":{"line":328,"column":68}}],"line":325}},"s":{"0":1,"1":0,"2":0,"3":0,"4":0,"5":0,"6":0,"7":0,"8":0,"9":0,"10":0,"11":0,"12":0,"13":0,"14":0,"15":0,"16":0,"17":0,"18":0,"19":0,"20":0,"21":0,"22":0,"23":0,"24":0,"25":0,"26":0,"27":0,"28":0,"29":0,"30":0,"31":0,"32":0,"33":0,"34":0,"35":0,"36":0,"37":0,"38":0,"39":0,"40":0,"41":0,"42":0,"43":0,"44":0,"45":0,"46":0,"47":0,"48":0,"49":0,"50":0,"51":0,"52":0,"53":0,"54":0,"55":0,"56":1,"57":1},"f":{"0":0,"1":0,"2":0,"3":0,"4":0,"5":0,"6":0,"7":0,"8":0,"9":0,"10":0,"11":0,"12":0,"13":0,"14":0,"15":0,"16":0},"b":{"0":[0,0],"1":[0,0],"2":[0,0],"3":[0,0],"4":[0,0],"5":[0,0],"6":[0,0],"7":[0,0],"8":[0,0],"9":[0,0],"10":[0,0],"11":[0,0],"12":[0,0],"13":[0,0],"14":[0,0],"15":[0,0],"16":[0,0],"17":[0,0],"18":[0,0],"19":[0,0],"20":[0,0],"21":[0,0],"22":[0,0],"23":[0,0]},"_coverageSchema":"1a1c01bbd47fc00a2c39e90264f33305004495a9","hash":"acb592ce5c707127e46995e1c9af36534c15d05e"}
,"/Users/dougmbp/Projects/steris/spm-react-native/modules/lingo/src/components/feedback/Dialog/LoadingDialog.tsx": {"path":"/Users/dougmbp/Projects/steris/spm-react-native/modules/lingo/src/components/feedback/Dialog/LoadingDialog.tsx","statementMap":{"0":{"start":{"line":16,"column":29},"end":{"line":75,"column":1}},"1":{"start":{"line":18,"column":32},"end":{"line":18,"column":61}},"2":{"start":{"line":19,"column":4},"end":{"line":32,"column":7}},"3":{"start":{"line":19,"column":36},"end":{"line":32,"column":5}},"4":{"start":{"line":21,"column":8},"end":{"line":24,"column":10}},"5":{"start":{"line":27,"column":8},"end":{"line":30,"column":10}},"6":{"start":{"line":33,"column":22},"end":{"line":35,"column":5}},"7":{"start":{"line":34,"column":6},"end":{"line":34,"column":44}},"8":{"start":{"line":36,"column":4},"end":{"line":73,"column":5}},"9":{"start":{"line":76,"column":0},"end":{"line":76,"column":43}}},"fnMap":{"0":{"name":"(anonymous_0)","decl":{"start":{"line":17,"column":2},"end":{"line":17,"column":3}},"loc":{"start":{"line":17,"column":19},"end":{"line":74,"column":3}},"line":17},"1":{"name":"(anonymous_1)","decl":{"start":{"line":19,"column":29},"end":{"line":19,"column":30}},"loc":{"start":{"line":19,"column":36},"end":{"line":32,"column":5}},"line":19},"2":{"name":"(anonymous_2)","decl":{"start":{"line":20,"column":12},"end":{"line":20,"column":13}},"loc":{"start":{"line":20,"column":18},"end":{"line":25,"column":7}},"line":20},"3":{"name":"(anonymous_3)","decl":{"start":{"line":26,"column":12},"end":{"line":26,"column":13}},"loc":{"start":{"line":26,"column":18},"end":{"line":31,"column":7}},"line":26},"4":{"name":"(anonymous_4)","decl":{"start":{"line":33,"column":22},"end":{"line":33,"column":23}},"loc":{"start":{"line":33,"column":28},"end":{"line":35,"column":5}},"line":33}},"branchMap":{"0":{"loc":{"start":{"line":49,"column":11},"end":{"line":49,"column":62}},"type":"binary-expr","locations":[{"start":{"line":49,"column":11},"end":{"line":49,"column":24}},{"start":{"line":49,"column":28},"end":{"line":49,"column":62}}],"line":49},"1":{"loc":{"start":{"line":61,"column":11},"end":{"line":65,"column":11}},"type":"binary-expr","locations":[{"start":{"line":61,"column":11},"end":{"line":61,"column":29}},{"start":{"line":62,"column":12},"end":{"line":64,"column":21}}],"line":61},"2":{"loc":{"start":{"line":66,"column":11},"end":{"line":70,"column":11}},"type":"binary-expr","locations":[{"start":{"line":66,"column":11},"end":{"line":66,"column":27}},{"start":{"line":67,"column":12},"end":{"line":69,"column":21}}],"line":66}},"s":{"0":1,"1":0,"2":0,"3":0,"4":0,"5":0,"6":0,"7":0,"8":0,"9":1},"f":{"0":0,"1":0,"2":0,"3":0,"4":0},"b":{"0":[0,0],"1":[0,0],"2":[0,0]},"_coverageSchema":"1a1c01bbd47fc00a2c39e90264f33305004495a9","hash":"3c910c769be312cfc43684df01135494adba5300"}
,"/Users/dougmbp/Projects/steris/spm-react-native/modules/lingo/src/components/feedback/Dialog/index.ts": {"path":"/Users/dougmbp/Projects/steris/spm-react-native/modules/lingo/src/components/feedback/Dialog/index.ts","statementMap":{},"fnMap":{},"branchMap":{},"s":{},"f":{},"b":{},"_coverageSchema":"1a1c01bbd47fc00a2c39e90264f33305004495a9","hash":"f3863feaa2a0aa5ebe285fc67f090be0031f5007"}
,"/Users/dougmbp/Projects/steris/spm-react-native/modules/lingo/src/components/feedback/Dialog/useDialog.ts": {"path":"/Users/dougmbp/Projects/steris/spm-react-native/modules/lingo/src/components/feedback/Dialog/useDialog.ts","statementMap":{"0":{"start":{"line":18,"column":25},"end":{"line":25,"column":1}},"1":{"start":{"line":19,"column":28},"end":{"line":19,"column":56}},"2":{"start":{"line":21,"column":2},"end":{"line":24,"column":3}}},"fnMap":{"0":{"name":"(anonymous_0)","decl":{"start":{"line":18,"column":25},"end":{"line":18,"column":26}},"loc":{"start":{"line":18,"column":49},"end":{"line":25,"column":1}},"line":18}},"branchMap":{},"s":{"0":1,"1":0,"2":0},"f":{"0":0},"b":{},"_coverageSchema":"1a1c01bbd47fc00a2c39e90264f33305004495a9","hash":"8f00a614544ddb5c553dbad39d6d286e79474cab"}
,"/Users/dougmbp/Projects/steris/spm-react-native/modules/lingo/src/components/feedback/ErrorNotification/ErrorNotification.tsx": {"path":"/Users/dougmbp/Projects/steris/spm-react-native/modules/lingo/src/components/feedback/ErrorNotification/ErrorNotification.tsx","statementMap":{"0":{"start":{"line":8,"column":33},"end":{"line":8,"column":35}},"1":{"start":{"line":17,"column":54},"end":{"line":40,"column":1}},"2":{"start":{"line":23,"column":2},"end":{"line":23,"column":27}},"3":{"start":{"line":23,"column":16},"end":{"line":23,"column":27}},"4":{"start":{"line":25,"column":2},"end":{"line":39,"column":3}},"5":{"start":{"line":42,"column":0},"end":{"line":42,"column":51}},"6":{"start":{"line":46,"column":15},"end":{"line":55,"column":2}}},"fnMap":{"0":{"name":"(anonymous_0)","decl":{"start":{"line":17,"column":54},"end":{"line":17,"column":55}},"loc":{"start":{"line":22,"column":6},"end":{"line":40,"column":1}},"line":22}},"branchMap":{"0":{"loc":{"start":{"line":23,"column":2},"end":{"line":23,"column":27}},"type":"if","locations":[{"start":{"line":23,"column":2},"end":{"line":23,"column":27}},{"start":{},"end":{}}],"line":23},"1":{"loc":{"start":{"line":49,"column":13},"end":{"line":49,"column":50}},"type":"binary-expr","locations":[{"start":{"line":49,"column":13},"end":{"line":49,"column":22}},{"start":{"line":49,"column":26},"end":{"line":49,"column":50}}],"line":49},"2":{"loc":{"start":{"line":53,"column":18},"end":{"line":53,"column":59}},"type":"binary-expr","locations":[{"start":{"line":53,"column":18},"end":{"line":53,"column":27}},{"start":{"line":53,"column":31},"end":{"line":53,"column":59}}],"line":53}},"s":{"0":1,"1":1,"2":0,"3":0,"4":0,"5":1,"6":1},"f":{"0":0},"b":{"0":[0,0],"1":[1,0],"2":[1,0]},"_coverageSchema":"1a1c01bbd47fc00a2c39e90264f33305004495a9","hash":"7dbc313961c3530f5a73200cf1aa1d261349d588"}
,"/Users/dougmbp/Projects/steris/spm-react-native/modules/lingo/src/components/feedback/ErrorNotification/index.ts": {"path":"/Users/dougmbp/Projects/steris/spm-react-native/modules/lingo/src/components/feedback/ErrorNotification/index.ts","statementMap":{},"fnMap":{},"branchMap":{},"s":{},"f":{},"b":{},"_coverageSchema":"1a1c01bbd47fc00a2c39e90264f33305004495a9","hash":"94276cff564d379edcdd2706366a12a817fa0eae"}
,"/Users/dougmbp/Projects/steris/spm-react-native/modules/lingo/src/components/feedback/Loading/Loading.tsx": {"path":"/Users/dougmbp/Projects/steris/spm-react-native/modules/lingo/src/components/feedback/Loading/Loading.tsx","statementMap":{"0":{"start":{"line":5,"column":23},"end":{"line":9,"column":1}},"1":{"start":{"line":6,"column":2},"end":{"line":8,"column":9}},"2":{"start":{"line":11,"column":15},"end":{"line":17,"column":2}}},"fnMap":{"0":{"name":"(anonymous_0)","decl":{"start":{"line":5,"column":23},"end":{"line":5,"column":24}},"loc":{"start":{"line":6,"column":2},"end":{"line":8,"column":9}},"line":6}},"branchMap":{},"s":{"0":1,"1":0,"2":1},"f":{"0":0},"b":{},"_coverageSchema":"1a1c01bbd47fc00a2c39e90264f33305004495a9","hash":"1a78ce6ebdc8286703c3ff999a8a719b3ad27f94"}
,"/Users/dougmbp/Projects/steris/spm-react-native/modules/lingo/src/components/feedback/Loading/index.ts": {"path":"/Users/dougmbp/Projects/steris/spm-react-native/modules/lingo/src/components/feedback/Loading/index.ts","statementMap":{},"fnMap":{},"branchMap":{},"s":{},"f":{},"b":{},"_coverageSchema":"1a1c01bbd47fc00a2c39e90264f33305004495a9","hash":"48be1dbb340ed9446634883c11b4c9ca84faabcf"}
,"/Users/dougmbp/Projects/steris/spm-react-native/modules/lingo/src/components/feedback/QuarantineWarningModal/QuarantineWarningModal.tsx": {"path":"/Users/dougmbp/Projects/steris/spm-react-native/modules/lingo/src/components/feedback/QuarantineWarningModal/QuarantineWarningModal.tsx","statementMap":{"0":{"start":{"line":23,"column":38},"end":{"line":91,"column":1}},"1":{"start":{"line":35,"column":4},"end":{"line":36,"column":78}},"2":{"start":{"line":38,"column":2},"end":{"line":90,"column":3}},"3":{"start":{"line":93,"column":15},"end":{"line":110,"column":2}}},"fnMap":{"0":{"name":"(anonymous_0)","decl":{"start":{"line":23,"column":38},"end":{"line":23,"column":39}},"loc":{"start":{"line":33,"column":35},"end":{"line":91,"column":1}},"line":33}},"branchMap":{"0":{"loc":{"start":{"line":35,"column":4},"end":{"line":36,"column":78}},"type":"binary-expr","locations":[{"start":{"line":35,"column":4},"end":{"line":35,"column":21}},{"start":{"line":36,"column":5},"end":{"line":36,"column":28}},{"start":{"line":36,"column":32},"end":{"line":36,"column":49}},{"start":{"line":36,"column":53},"end":{"line":36,"column":77}}],"line":35},"1":{"loc":{"start":{"line":50,"column":11},"end":{"line":67,"column":11}},"type":"binary-expr","locations":[{"start":{"line":50,"column":11},"end":{"line":50,"column":28}},{"start":{"line":51,"column":12},"end":{"line":66,"column":19}}],"line":50},"2":{"loc":{"start":{"line":60,"column":15},"end":{"line":65,"column":15}},"type":"binary-expr","locations":[{"start":{"line":60,"column":15},"end":{"line":60,"column":37}},{"start":{"line":61,"column":16},"end":{"line":64,"column":18}}],"line":60}},"s":{"0":1,"1":0,"2":0,"3":1},"f":{"0":0},"b":{"0":[0,0,0,0],"1":[0,0],"2":[0,0]},"_coverageSchema":"1a1c01bbd47fc00a2c39e90264f33305004495a9","hash":"3ae9eb0fd71eef3693289d43f495a4b1d90efd09"}
,"/Users/dougmbp/Projects/steris/spm-react-native/modules/lingo/src/components/feedback/QuarantineWarningModal/index.ts": {"path":"/Users/dougmbp/Projects/steris/spm-react-native/modules/lingo/src/components/feedback/QuarantineWarningModal/index.ts","statementMap":{},"fnMap":{},"branchMap":{},"s":{},"f":{},"b":{},"_coverageSchema":"1a1c01bbd47fc00a2c39e90264f33305004495a9","hash":"1c9ec3490610f4c80f150bf81276db4b3a33f648"}
,"/Users/dougmbp/Projects/steris/spm-react-native/modules/lingo/src/components/inputs/index.ts": {"path":"/Users/dougmbp/Projects/steris/spm-react-native/modules/lingo/src/components/inputs/index.ts","statementMap":{},"fnMap":{},"branchMap":{},"s":{},"f":{},"b":{},"_coverageSchema":"1a1c01bbd47fc00a2c39e90264f33305004495a9","hash":"061cdc5108f1b8bab5aa70d4aef57fbd184aee80"}
,"/Users/dougmbp/Projects/steris/spm-react-native/modules/lingo/src/components/inputs/BigWarningModal/BigWarningModal.tsx": {"path":"/Users/dougmbp/Projects/steris/spm-react-native/modules/lingo/src/components/inputs/BigWarningModal/BigWarningModal.tsx","statementMap":{"0":{"start":{"line":24,"column":57},"end":{"line":83,"column":1}},"1":{"start":{"line":36,"column":2},"end":{"line":82,"column":3}},"2":{"start":{"line":84,"column":15},"end":{"line":115,"column":2}}},"fnMap":{"0":{"name":"(anonymous_0)","decl":{"start":{"line":24,"column":57},"end":{"line":24,"column":58}},"loc":{"start":{"line":35,"column":6},"end":{"line":83,"column":1}},"line":35}},"branchMap":{},"s":{"0":1,"1":0,"2":1},"f":{"0":0},"b":{},"_coverageSchema":"1a1c01bbd47fc00a2c39e90264f33305004495a9","hash":"a153993cb154a14f688e8dc069beb77b411ed10e"}
,"/Users/dougmbp/Projects/steris/spm-react-native/modules/lingo/src/components/inputs/BigWarningModal/index.ts": {"path":"/Users/dougmbp/Projects/steris/spm-react-native/modules/lingo/src/components/inputs/BigWarningModal/index.ts","statementMap":{},"fnMap":{},"branchMap":{},"s":{},"f":{},"b":{},"_coverageSchema":"1a1c01bbd47fc00a2c39e90264f33305004495a9","hash":"b62b60ab3cd880dc811a5c232f676c724ad203d2"}
,"/Users/dougmbp/Projects/steris/spm-react-native/modules/lingo/src/components/inputs/Button/Button.tsx": {"path":"/Users/dougmbp/Projects/steris/spm-react-native/modules/lingo/src/components/inputs/Button/Button.tsx","statementMap":{"0":{"start":{"line":35,"column":39},"end":{"line":95,"column":1}},"1":{"start":{"line":47,"column":2},"end":{"line":94,"column":3}},"2":{"start":{"line":97,"column":15},"end":{"line":174,"column":2}}},"fnMap":{"0":{"name":"(anonymous_0)","decl":{"start":{"line":35,"column":39},"end":{"line":35,"column":40}},"loc":{"start":{"line":46,"column":6},"end":{"line":95,"column":1}},"line":46}},"branchMap":{"0":{"loc":{"start":{"line":51,"column":16},"end":{"line":51,"column":35}},"type":"binary-expr","locations":[{"start":{"line":51,"column":16},"end":{"line":51,"column":24}},{"start":{"line":51,"column":28},"end":{"line":51,"column":35}}],"line":51},"1":{"loc":{"start":{"line":54,"column":8},"end":{"line":54,"column":54}},"type":"binary-expr","locations":[{"start":{"line":54,"column":8},"end":{"line":54,"column":28}},{"start":{"line":54,"column":32},"end":{"line":54,"column":54}}],"line":54},"2":{"loc":{"start":{"line":55,"column":8},"end":{"line":55,"column":52}},"type":"binary-expr","locations":[{"start":{"line":55,"column":8},"end":{"line":55,"column":27}},{"start":{"line":55,"column":31},"end":{"line":55,"column":52}}],"line":55},"3":{"loc":{"start":{"line":56,"column":8},"end":{"line":56,"column":52}},"type":"binary-expr","locations":[{"start":{"line":56,"column":8},"end":{"line":56,"column":27}},{"start":{"line":56,"column":31},"end":{"line":56,"column":52}}],"line":56},"4":{"loc":{"start":{"line":57,"column":8},"end":{"line":57,"column":65}},"type":"binary-expr","locations":[{"start":{"line":57,"column":8},"end":{"line":57,"column":34}},{"start":{"line":57,"column":38},"end":{"line":57,"column":65}}],"line":57},"5":{"loc":{"start":{"line":58,"column":8},"end":{"line":58,"column":69}},"type":"binary-expr","locations":[{"start":{"line":58,"column":8},"end":{"line":58,"column":36}},{"start":{"line":58,"column":40},"end":{"line":58,"column":69}}],"line":58},"6":{"loc":{"start":{"line":59,"column":8},"end":{"line":59,"column":41}},"type":"binary-expr","locations":[{"start":{"line":59,"column":8},"end":{"line":59,"column":16}},{"start":{"line":59,"column":20},"end":{"line":59,"column":41}}],"line":59},"7":{"loc":{"start":{"line":60,"column":8},"end":{"line":60,"column":38}},"type":"binary-expr","locations":[{"start":{"line":60,"column":8},"end":{"line":60,"column":15}},{"start":{"line":60,"column":19},"end":{"line":60,"column":38}}],"line":60},"8":{"loc":{"start":{"line":62,"column":8},"end":{"line":62,"column":34}},"type":"binary-expr","locations":[{"start":{"line":62,"column":8},"end":{"line":62,"column":18}},{"start":{"line":62,"column":22},"end":{"line":62,"column":34}}],"line":62},"9":{"loc":{"start":{"line":64,"column":14},"end":{"line":64,"column":39}},"type":"binary-expr","locations":[{"start":{"line":64,"column":14},"end":{"line":64,"column":20}},{"start":{"line":64,"column":24},"end":{"line":64,"column":39}}],"line":64},"10":{"loc":{"start":{"line":66,"column":7},"end":{"line":71,"column":7}},"type":"binary-expr","locations":[{"start":{"line":66,"column":7},"end":{"line":66,"column":14}},{"start":{"line":67,"column":8},"end":{"line":70,"column":10}}],"line":66},"11":{"loc":{"start":{"line":72,"column":7},"end":{"line":78,"column":7}},"type":"binary-expr","locations":[{"start":{"line":72,"column":7},"end":{"line":72,"column":15}},{"start":{"line":73,"column":8},"end":{"line":77,"column":10}}],"line":72},"12":{"loc":{"start":{"line":79,"column":7},"end":{"line":92,"column":7}},"type":"binary-expr","locations":[{"start":{"line":79,"column":7},"end":{"line":79,"column":15}},{"start":{"line":80,"column":8},"end":{"line":91,"column":15}}],"line":79},"13":{"loc":{"start":{"line":83,"column":12},"end":{"line":83,"column":53}},"type":"binary-expr","locations":[{"start":{"line":83,"column":12},"end":{"line":83,"column":27}},{"start":
[...]
,"/Users/dougmbp/Projects/steris/spm-react-native/modules/lingo/src/components/menu/index.ts": {"path":"/Users/dougmbp/Projects/steris/spm-react-native/modules/lingo/src/components/menu/index.ts","statementMap":{},"fnMap":{},"branchMap":{},"s":{},"f":{},"b":{},"_coverageSchema":"1a1c01bbd47fc00a2c39e90264f33305004495a9","hash":"7811a07be8d1c695d48df8a1121834b49b5e6b6e"}
,"/Users/dougmbp/Projects/steris/spm-react-native/modules/lingo/src/components/surfaces/index.ts": {"path":"/Users/dougmbp/Projects/steris/spm-react-native/modules/lingo/src/components/surfaces/index.ts","statementMap":{},"fnMap":{},"branchMap":{},"s":{},"f":{},"b":{},"_coverageSchema":"1a1c01bbd47fc00a2c39e90264f33305004495a9","hash":"5440c50e9d49c26f18b6837cba5fc2408ff238e8"}
,"/Users/dougmbp/Projects/steris/spm-react-native/modules/lingo/src/components/surfaces/AppBar/index.tsx": {"path":"/Users/dougmbp/Projects/steris/spm-react-native/modules/lingo/src/components/surfaces/AppBar/index.tsx","statementMap":{"0":{"start":{"line":17,"column":64},"end":{"line":17,"column":68}},"1":{"start":{"line":18,"column":0},"end":{"line":28,"column":1}},"2":{"start":{"line":19,"column":2},"end":{"line":27,"column":3}},"3":{"start":{"line":22,"column":4},"end":{"line":23,"column":66}},"4":{"start":{"line":26,"column":4},"end":{"line":26,"column":33}},"5":{"start":{"line":36,"column":39},"end":{"line":77,"column":1}},"6":{"start":{"line":41,"column":19},"end":{"line":41,"column":57}},"7":{"start":{"line":44,"column":24},"end":{"line":56,"column":3}},"8":{"start":{"line":45,"column":4},"end":{"line":47,"column":5}},"9":{"start":{"line":46,"column":6},"end":{"line":46,"column":17}},"10":{"start":{"line":48,"column":4},"end":{"line":55,"column":5}},"11":{"start":{"line":58,"column":2},"end":{"line":76,"column":3}},"12":{"start":{"line":79,"column":15},"end":{"line":103,"column":2}}},"fnMap":{"0":{"name":"(anonymous_0)","decl":{"start":{"line":36,"column":39},"end":{"line":36,"column":40}},"loc":{"start":{"line":40,"column":6},"end":{"line":77,"column":1}},"line":40},"1":{"name":"(anonymous_1)","decl":{"start":{"line":44,"column":24},"end":{"line":44,"column":25}},"loc":{"start":{"line":44,"column":30},"end":{"line":56,"column":3}},"line":44}},"branchMap":{"0":{"loc":{"start":{"line":18,"column":0},"end":{"line":28,"column":1}},"type":"if","locations":[{"start":{"line":18,"column":0},"end":{"line":28,"column":1}},{"start":{},"end":{}}],"line":18},"1":{"loc":{"start":{"line":39,"column":2},"end":{"line":39,"column":24}},"type":"default-arg","locations":[{"start":{"line":39,"column":19},"end":{"line":39,"column":24}}],"line":39},"2":{"loc":{"start":{"line":41,"column":19},"end":{"line":41,"column":57}},"type":"cond-expr","locations":[{"start":{"line":41,"column":36},"end":{"line":41,"column":48}},{"start":{"line":41,"column":51},"end":{"line":41,"column":57}}],"line":41},"3":{"loc":{"start":{"line":45,"column":4},"end":{"line":47,"column":5}},"type":"if","locations":[{"start":{"line":45,"column":4},"end":{"line":47,"column":5}},{"start":{},"end":{}}],"line":45},"4":{"loc":{"start":{"line":45,"column":8},"end":{"line":45,"column":56}},"type":"binary-expr","locations":[{"start":{"line":45,"column":8},"end":{"line":45,"column":29}},{"start":{"line":45,"column":33},"end":{"line":45,"column":56}}],"line":45},"5":{"loc":{"start":{"line":60,"column":7},"end":{"line":73,"column":7}},"type":"cond-expr","locations":[{"start":{"line":61,"column":8},"end":{"line":66,"column":20}},{"start":{"line":68,"column":8},"end":{"line":72,"column":10}}],"line":60}},"s":{"0":1,"1":1,"2":0,"3":0,"4":0,"5":1,"6":0,"7":0,"8":0,"9":0,"10":0,"11":0,"12":1},"f":{"0":0,"1":0},"b":{"0":[0,1],"1":[0],"2":[0,0],"3":[0,0],"4":[0,0],"5":[0,0]},"_coverageSchema":"1a1c01bbd47fc00a2c39e90264f33305004495a9","hash":"fe0e08744f948d273d3c03c0b006939091d688dd"}
,"/Users/dougmbp/Projects/steris/spm-react-native/modules/lingo/src/components/typography/Typography.tsx": {"path":"/Users/dougmbp/Projects/steris/spm-react-native/modules/lingo/src/components/typography/Typography.tsx","statementMap":{"0":{"start":{"line":31,"column":35},"end":{"line":31,"column":50}},"1":{"start":{"line":34,"column":2},"end":{"line":137,"column":4}},"2":{"start":{"line":139,"column":47},"end":{"line":180,"column":1}},"3":{"start":{"line":148,"column":17},"end":{"line":148,"column":44}},"4":{"start":{"line":151,"column":2},"end":{"line":153,"column":3}},"5":{"start":{"line":152,"column":4},"end":{"line":152,"column":15}},"6":{"start":{"line":155,"column":15},"end":{"line":155,"column":23}},"7":{"start":{"line":156,"column":2},"end":{"line":158,"column":3}},"8":{"start":{"line":157,"column":4},"end":{"line":157,"column":35}},"9":{"start":{"line":160,"column":2},"end":{"line":162,"column":3}},"10":{"start":{"line":161,"column":4},"end":{"line":161,"column":36}},"11":{"start":{"line":164,"column":2},"end":{"line":179,"column":3}}},"fnMap":{"0":{"name":"(anonymous_0)","decl":{"start":{"line":139,"column":47},"end":{"line":139,"column":48}},"loc":{"start":{"line":147,"column":6},"end":{"line":180,"column":1}},"line":147}},"branchMap":{"0":{"loc":{"start":{"line":140,"column":2},"end":{"line":140,"column":19}},"type":"default-arg","locations":[{"start":{"line":140,"column":12},"end":{"line":140,"column":19}}],"line":140},"1":{"loc":{"start":{"line":142,"column":2},"end":{"line":142,"column":34}},"type":"default-arg","locations":[{"start":{"line":142,"column":10},"end":{"line":142,"column":34}}],"line":142},"2":{"loc":{"start":{"line":143,"column":2},"end":{"line":143,"column":17}},"type":"default-arg","locations":[{"start":{"line":143,"column":12},"end":{"line":143,"column":17}}],"line":143},"3":{"loc":{"start":{"line":144,"column":2},"end":{"line":144,"column":14}},"type":"default-arg","locations":[{"start":{"line":144,"column":9},"end":{"line":144,"column":14}}],"line":144},"4":{"loc":{"start":{"line":146,"column":2},"end":{"line":146,"column":16}},"type":"default-arg","locations":[{"start":{"line":146,"column":11},"end":{"line":146,"column":16}}],"line":146},"5":{"loc":{"start":{"line":151,"column":2},"end":{"line":153,"column":3}},"type":"if","locations":[{"start":{"line":151,"column":2},"end":{"line":153,"column":3}},{"start":{},"end":{}}],"line":151},"6":{"loc":{"start":{"line":151,"column":6},"end":{"line":151,"column":68}},"type":"binary-expr","locations":[{"start":{"line":151,"column":6},"end":{"line":151,"column":28}},{"start":{"line":151,"column":32},"end":{"line":151,"column":49}},{"start":{"line":151,"column":53},"end":{"line":151,"column":68}}],"line":151},"7":{"loc":{"start":{"line":156,"column":2},"end":{"line":158,"column":3}},"type":"if","locations":[{"start":{"line":156,"column":2},"end":{"line":158,"column":3}},{"start":{},"end":{}}],"line":156},"8":{"loc":{"start":{"line":156,"column":6},"end":{"line":156,"column":60}},"type":"binary-expr","locations":[{"start":{"line":156,"column":6},"end":{"line":156,"column":28}},{"start":{"line":156,"column":32},"end":{"line":156,"column":60}}],"line":156},"9":{"loc":{"start":{"line":160,"column":2},"end":{"line":162,"column":3}},"type":"if","locations":[{"start":{"line":160,"column":2},"end":{"line":162,"column":3}},{"start":{},"end":{}}],"line":160},"10":{"loc":{"start":{"line":171,"column":22},"end":{"line":171,"column":61}},"type":"cond-expr","locations":[{"start":{"line":171,"column":29},"end":{"line":171,"column":43}},{"start":{"line":171,"column":46},"end":{"line":171,"column":61}}],"line":171},"11":{"loc":{"start":{"line":172,"column":22},"end":{"line":172,"column":54}},"type":"cond-expr","locations":[{"start":{"line":172,"column":29},"end":{"line":172,"column":34}},{"start":{"line":172,"column":37},"end":{"line":172,"column":54}}],"line":172},"12":{"loc":{"start":{"line":173,"column":21},"end":{"line":173,"column":49}},"type":"cond-expr","locations":[{"start":{"line":173,"column":30},"end":{"line":173,"column":38}},{"start":{"line":173,"column":41},"end":{"line":173,"column":49}}],"line":173}},"s":{"0":3,"1":3,"2":3,"3":27,"4":27,"5":0,"6":27,"7":27,"8":0,"9":27,"10":0,"11":27},"f":{"0":27},"b":{"0":[0],"1":[17],"2":[27],"3":[27],"4":[27],"5":[0,27],"6":[27,27,27],"7":[0,27],"8":[27,0],"9":[0,27],"10":[0,27],"11":[0,27],"12":[0,27]},"_coverageSchema":"1a1c01bbd47fc00a2c39e90264f33305004495a9","hash":"e6dcb4ad91576e1827fd5108f66c6f27f50f0a54"}
,"/Users/dougmbp/Projects/steris/spm-react-native/modules/lingo/src/components/typography/index.ts": {"path":"/Users/dougmbp/Projects/steris/spm-react-native/modules/lingo/src/components/typography/index.ts","statementMap":{},"fnMap":{},"branchMap":{},"s":{},"f":{},"b":{},"_coverageSchema":"1a1c01bbd47fc00a2c39e90264f33305004495a9","hash":"f56505425fde72fc6ba842bfdf20ba54ae5fcd65"}
,"/Users/dougmbp/Projects/steris/spm-react-native/modules/lingo/src/templates/Scanning/ScanningTemplate.tsx": {"path":"/Users/dougmbp/Projects/steris/spm-react-native/modules/lingo/src/templates/Scanning/ScanningTemplate.tsx","statementMap":{"0":{"start":{"line":39,"column":59},"end":{"line":140,"column":1}},"1":{"start":{"line":52,"column":18},"end":{"line":52,"column":40}},"2":{"start":{"line":54,"column":26},"end":{"line":104,"column":3}},"3":{"start":{"line":55,"column":56},"end":{"line":55,"column":67}},"4":{"start":{"line":57,"column":33},"end":{"line":74,"column":5}},"5":{"start":{"line":62,"column":6},"end":{"line":73,"column":13}},"6":{"start":{"line":76,"column":28},"end":{"line":85,"column":5}},"7":{"start":{"line":77,"column":6},"end":{"line":84,"column":9}},"8":{"start":{"line":87,"column":4},"end":{"line":103,"column":5}},"9":{"start":{"line":94,"column":10},"end":{"line":94,"column":52}},"10":{"start":{"line":100,"column":29},"end":{"line":100,"column":70}},"11":{"start":{"line":101,"column":44},"end":{"line":101,"column":67}},"12":{"start":{"line":106,"column":2},"end":{"line":139,"column":3}},"13":{"start":{"line":142,"column":15},"end":{"line":180,"column":2}}},"fnMap":{"0":{"name":"(anonymous_0)","decl":{"start":{"line":39,"column":59},"end":{"line":39,"column":60}},"loc":{"start":{"line":51,"column":6},"end":{"line":140,"column":1}},"line":51},"1":{"name":"(anonymous_1)","decl":{"start":{"line":54,"column":26},"end":{"line":54,"column":27}},"loc":{"start":{"line":54,"column":32},"end":{"line":104,"column":3}},"line":54},"2":{"name":"(anonymous_2)","decl":{"start":{"line":57,"column":33},"end":{"line":57,"column":34}},"loc":{"start":{"line":62,"column":6},"end":{"line":73,"column":13}},"line":62},"3":{"name":"(anonymous_3)","decl":{"start":{"line":76,"column":28},"end":{"line":76,"column":29}},"loc":{"start":{"line":77,"column":6},"end":{"line":84,"column":9}},"line":77},"4":{"name":"(anonymous_4)","decl":{"start":{"line":93,"column":32},"end":{"line":93,"column":33}},"loc":{"start":{"line":94,"column":10},"end":{"line":94,"column":52}},"line":94},"5":{"name":"(anonymous_5)","decl":{"start":{"line":100,"column":18},"end":{"line":100,"column":19}},"loc":{"start":{"line":100,"column":29},"end":{"line":100,"column":70}},"line":100},"6":{"name":"(anonymous_6)","decl":{"start":{"line":101,"column":29},"end":{"line":101,"column":30}},"loc":{"start":{"line":101,"column":44},"end":{"line":101,"column":67}},"line":101},"7":{"name":"(anonymous_7)","decl":{"start":{"line":120,"column":57},"end":{"line":120,"column":58}},"loc":{"start":{"line":120,"column":63},"end":{"line":120,"column":65}},"line":120},"8":{"name":"(anonymous_8)","decl":{"start":{"line":127,"column":52},"end":{"line":127,"column":53}},"loc":{"start":{"line":127,"column":58},"end":{"line":127,"column":60}},"line":127},"9":{"name":"(anonymous_9)","decl":{"start":{"line":128,"column":44},"end":{"line":128,"column":45}},"loc":{"start":{"line":128,"column":50},"end":{"line":128,"column":52}},"line":128}},"branchMap":{"0":{"loc":{"start":{"line":70,"column":9},"end":{"line":72,"column":9}},"type":"binary-expr","locations":[{"start":{"line":70,"column":9},"end":{"line":70,"column":22}},{"start":{"line":71,"column":10},"end":{"line":71,"column":76}}],"line":70},"1":{"loc":{"start":{"line":114,"column":23},"end":{"line":114,"column":37}},"type":"binary-expr","locations":[{"start":{"line":114,"column":23},"end":{"line":114,"column":31}},{"start":{"line":114,"column":35},"end":{"line":114,"column":37}}],"line":114},"2":{"loc":{"start":{"line":118,"column":27},"end":{"line":118,"column":56}},"type":"binary-expr","locations":[{"start":{"line":118,"column":27},"end":{"line":118,"column":50}},{"start":{"line":118,"column":54},"end":{"line":118,"column":56}}],"line":118},"3":{"loc":{"start":{"line":119,"column":21},"end":{"line":119,"column":43}},"type":"binary-expr","locations":[{"start":{"line":119,"column":21},"end":{"line":119,"column":37}},{"start":{"line":119,"column":41},"end":{"line":119,"column":43}}],"line":119},"4":{"loc":{"start":{"line":120,"column":28},"end":{"line":120,"column":66}},"type":"binary-expr","locations":[{"start":{"line":120,"column":28},"end":{"line":120,"column":52}},{"start":{"line":120,"column":57},"end":{"line":120,"column":65}}],"line":120},"5":{"loc":{"start":{"line":124,"column":27},"end":{"line":124,"column":51}},"type":"binary-expr","locations":[{"start":{"line":124,"column":27},"end":{"line":124,"column":45}},{"start":{"line":124,"column":49},"end":{"line":124,"column":51}}],"line":124},"6":{"loc":{"start":{"line":125,"column":21},"end":{"line":125,"column":38}},"type":"binary-expr","locations":[{"start":{"line":125,"column":21},"end":{"line":125,"column":32}},{"start":{"line":125,"column":36},"end":{"line":125,"column":38}}],"line":125},"7":{"loc":{"start":{"line":127,"column":28},"end":{"line":127,"column":61}},"type":"binary-expr","locations":[{"start":{"line":127,"column":28},"end":{"line":127,"column":47}},{"start":{"line":127,"column":52},"end":{"line":127,"column":60}}],"line":127},"8":{"loc":{"start":{"line":128,"column":24},"end":{"line":128,"column":53}},"type":"binary-expr","locations":[{"start":{"line":128,"column":24},"end":{"line":128,"column":39}},{"start":{"line":128,"column":44},"end":{"line":128,"column":52}}],"line":128}},"s":{"0":1,"1":5,"2":5,"3":5,"4":5,"5":1,"6":5,"7":4,"8":5,"9":0,"10":0,"11":0,"12":5,"13":1},"f":{"0":5,"1":5,"2":1,"3":4,"4":0,"5":0,"6":0,"7":0,"8":0,"9":0},"b":{"0":[1,1],"1":[5,0],"2":[5,0],"3":[5,5],"4":[5,0],"5":[5,0],"6":[5,5],"7":[5,0],"8":[5,0]},"_coverageSchema":"1a1c01bbd47fc00a2c39e90264f33305004495a9","hash":"5e99fdd086863b4807a9d773a95993e01a37d792"}
,"/Users/dougmbp/Projects/steris/spm-react-native/modules/lingo/src/theme/Colors.ts": {"path":"/Users/dougmbp/Projects/steris/spm-react-native/modules/lingo/src/theme/Colors.ts","statementMap":{"0":{"start":{"line":2,"column":27},"end":{"line":163,"column":1}}},"fnMap":{},"branchMap":{},"s":{"0":10},"f":{},"b":{},"_coverageSchema":"1a1c01bbd47fc00a2c39e90264f33305004495a9","hash":"ce5b56d902393e9365cbb3648fdcf254199fb143"}
,"/Users/dougmbp/Projects/steris/spm-react-native/modules/lingo/src/theme/LingoTheme.ts": {"path":"/Users/dougmbp/Projects/steris/spm-react-native/modules/lingo/src/theme/LingoTheme.ts","statementMap":{"0":{"start":{"line":6,"column":26},"end":{"line":27,"column":1}}},"fnMap":{},"branchMap":{},"s":{"0":8},"f":{},"b":{},"_coverageSchema":"1a1c01bbd47fc00a2c39e90264f33305004495a9","hash":"8edbec89aa93673973a8af94b57c3ccfae498c46"}
,"/Users/dougmbp/Projects/steris/spm-react-native/modules/lingo/src/theme/MaterialThemes.ts": {"path":"/Users/dougmbp/Projects/steris/spm-react-native/modules/lingo/src/theme/MaterialThemes.ts","statementMap":{"0":{"start":{"line":8,"column":23},"end":{"line":12,"column":1}},"1":{"start":{"line":14,"column":23},"end":{"line":18,"column":1}}},"fnMap":{},"branchMap":{},"s":{"0":8,"1":8},"f":{},"b":{},"_coverageSchema":"1a1c01bbd47fc00a2c39e90264f33305004495a9","hash":"27dda932082c8127f9d3e5ab6249f446ed89a850"}
,"/Users/dougmbp/Projects/steris/spm-react-native/modules/lingo/src/theme/fontDefinitions.ts": {"path":"/Users/dougmbp/Projects/steris/spm-react-native/modules/lingo/src/theme/fontDefinitions.ts","statementMap":{"0":{"start":{"line":1,"column":31},"end":{"line":77,"column":10}}},"fnMap":{},"branchMap":{},"s":{"0":8},"f":{},"b":{},"_coverageSchema":"1a1c01bbd47fc00a2c39e90264f33305004495a9","hash":"72a42e8537763486887d0ab0b3185e184dbc46a0"}
,"/Users/dougmbp/Projects/steris/spm-react-native/modules/lingo/src/theme/index.ts": {"path":"/Users/dougmbp/Projects/steris/spm-react-native/modules/lingo/src/theme/index.ts","statementMap":{},"fnMap":{},"branchMap":{},"s":{},"f":{},"b":{},"_coverageSchema":"1a1c01bbd47fc00a2c39e90264f33305004495a9","hash":"a9201e08acd7b9d3e1fe4239fcbd2183563a6c87"}
,"/Users/dougmbp/Projects/steris/spm-react-native/modules/lingo/src/utils/LinearGradient.ts": {"path":"/Users/dougmbp/Projects/steris/spm-react-native/modules/lingo/src/utils/LinearGradient.ts","statementMap":{"0":{"start":{"line":7,"column":0},"end":{"line":19,"column":1}},"1":{"start":{"line":10,"column":2},"end":{"line":11,"column":80}},"2":{"start":{"line":16,"column":21},"end":{"line":16,"column":56}},"3":{"start":{"line":18,"column":2},"end":{"line":18,"column":46}}},"fnMap":{},"branchMap":{"0":{"loc":{"start":{"line":7,"column":0},"end":{"line":19,"column":1}},"type":"if","locations":[{"start":{"line":7,"column":0},"end":{"line":19,"column":1}},{"start":{"line":13,"column":7},"end":{"line":19,"column":1}}],"line":7}},"s":{"0":1,"1":0,"2":1,"3":1},"f":{},"b":{"0":[0,1]},"_coverageSchema":"1a1c01bbd47fc00a2c39e90264f33305004495a9","hash":"7d1838deff51775d4836990117c4d677cdfc27ee"}
,"/Users/dougmbp/Projects/steris/spm-react-native/modules/lingo/src/values/Enums.ts": {"path":"/Users/dougmbp/Projects/steris/spm-react-native/modules/lingo/src/values/Enums.ts","statementMap":{},"fnMap":{},"branchMap":{},"s":{},"f":{},"b":{},"_coverageSchema":"1a1c01bbd47fc00a2c39e90264f33305004495a9","hash":"b6eefe218ce09d530fcac6ec4fcbd20b22f3a8f6"}
,"/Users/dougmbp/Projects/steris/spm-react-native/modules/lingo/src/values/Spacing.ts": {"path":"/Users/dougmbp/Projects/steris/spm-react-native/modules/lingo/src/values/Spacing.ts","statementMap":{"0":{"start":{"line":5,"column":18},"end":{"line":5,"column":49}},"1":{"start":{"line":6,"column":18},"end":{"line":6,"column":48}},"2":{"start":{"line":8,"column":18},"end":{"line":8,"column":49}},"3":{"start":{"line":9,"column":18},"end":{"line":9,"column":48}},"4":{"start":{"line":11,"column":25},"end":{"line":11,"column":27}},"5":{"start":{"line":12,"column":25},"end":{"line":12,"column":27}},"6":{"start":{"line":14,"column":37},"end":{"line":14,"column":38}},"7":{"start":{"line":18,"column":4},"end":{"line":21,"column":2}},"8":{"start":{"line":23,"column":40},"end":{"line":23,"column":42}},"9":{"start":{"line":25,"column":25},"end":{"line":28,"column":1}}},"fnMap":{},"branchMap":{},"s":{"0":4,"1":4,"2":4,"3":4,"4":4,"5":4,"6":4,"7":4,"8":4,"9":4},"f":{},"b":{},"_coverageSchema":"1a1c01bbd47fc00a2c39e90264f33305004495a9","hash":"5e77570504cb57e98f7493168a4d9237c8d7f6ca"}
,"/Users/dougmbp/Projects/steris/spm-react-native/modules/lingo/src/values/index.ts": {"path":"/Users/dougmbp/Projects/steris/spm-react-native/modules/lingo/src/values/index.ts","statementMap":{},"fnMap":{},"branchMap":{},"s":{},"f":{},"b":{},"_coverageSchema":"1a1c01bbd47fc00a2c39e90264f33305004495a9","hash":"1a88a7efa78a4a99c3462bbc6755c382bb84892d"}
}
