TN:
SF:src/Paragraph.tsx
FN:3,(anonymous_0)
FNF:1
FNH:1
FNDA:1,(anonymous_0)
DA:3,1
DA:4,1
DA:9,1
LF:3
LH:3
BRF:0
BRH:0
end_of_record
TN:
SF:src/Strong.tsx
FN:3,(anonymous_0)
FNF:1
FNH:1
FNDA:1,(anonymous_0)
DA:3,1
DA:4,1
DA:9,1
LF:3
LH:3
BRF:0
BRH:0
end_of_record
TN:
SF:src/assets/icons/BuildCircleIcon.tsx
FN:3,(anonymous_0)
FNF:1
FNH:0
FNDA:0,(anonymous_0)
DA:3,1
DA:4,0
LF:2
LH:1
BRF:0
BRH:0
end_of_record
TN:
SF:src/assets/icons/CaseCartsIcon.tsx
FN:4,(anonymous_0)
FNF:1
FNH:0
FNDA:0,(anonymous_0)
DA:4,1
DA:5,0
LF:2
LH:1
BRF:0
BRH:0
end_of_record
TN:
SF:src/assets/icons/CaseSplitIcon.tsx
FN:3,(anonymous_0)
FNF:1
FNH:0
FNDA:0,(anonymous_0)
DA:3,1
DA:4,0
LF:2
LH:1
BRF:0
BRH:0
end_of_record
TN:
SF:src/assets/icons/ChangeCycleIcon.tsx
FN:3,(anonymous_0)
FNF:1
FNH:0
FNDA:0,(anonymous_0)
DA:3,1
DA:4,0
LF:2
LH:1
BRF:0
BRH:0
end_of_record
TN:
SF:src/assets/icons/ChangeQuantityIcon.tsx
FN:3,(anonymous_0)
FNF:1
FNH:0
FNDA:0,(anonymous_0)
DA:3,1
DA:4,0
LF:2
LH:1
BRF:0
BRH:0
end_of_record
TN:
SF:src/assets/icons/CrossIcon.tsx
FN:14,(anonymous_0)
FNF:1
FNH:0
FNDA:0,(anonymous_0)
DA:14,1
DA:15,0
DA:16,0
DA:18,0
LF:4
LH:1
BRDA:15,0,0,0
BRDA:15,0,1,0
BRDA:15,0,2,0
BRDA:16,1,0,0
BRDA:16,1,1,0
BRDA:16,1,2,0
BRDA:16,1,3,0
BRF:7
BRH:0
end_of_record
TN:
SF:src/assets/icons/ExclamationMarkIcon.tsx
FN:3,(anonymous_0)
FNF:1
FNH:0
FNDA:0,(anonymous_0)
DA:3,1
DA:4,0
LF:2
LH:1
BRF:0
BRH:0
end_of_record
TN:
SF:src/assets/icons/MoveUpIcon.tsx
FN:3,(anonymous_0)
FNF:1
FNH:0
FNDA:0,(anonymous_0)
DA:3,1
DA:4,0
LF:2
LH:1
BRF:0
BRH:0
end_of_record
TN:
SF:src/assets/icons/QualityEventIcon.tsx
FN:9,(anonymous_0)
FNF:1
FNH:0
FNDA:0,(anonymous_0)
DA:9,1
DA:14,0
LF:2
LH:1
BRDA:10,0,0,0
BRDA:11,1,0,0
BRF:2
BRH:0
end_of_record
TN:
SF:src/assets/icons/SVGIcon.tsx
FN:49,(anonymous_0)
FNF:1
FNH:0
FNDA:0,(anonymous_0)
DA:24,1
DA:49,1
DA:55,0
DA:57,0
DA:58,0
DA:61,0
LF:6
LH:2
BRDA:51,0,0,0
BRDA:52,1,0,0
BRDA:57,2,0,0
BRDA:57,2,1,0
BRF:4
BRH:0
end_of_record
TN:
SF:src/assets/icons/ScanningIcon.tsx
FN:9,(anonymous_0)
FNF:1
FNH:0
FNDA:0,(anonymous_0)
DA:9,1
DA:14,0
LF:2
LH:1
BRDA:10,0,0,0
BRDA:11,1,0,0
BRF:2
BRH:0
end_of_record
TN:
SF:src/assets/icons/SearchFieldIcon.tsx
FN:7,(anonymous_0)
FNF:1
FNH:1
FNDA:12,(anonymous_0)
DA:7,1
DA:8,12
LF:2
LH:2
BRF:0
BRH:0
end_of_record
TN:
SF:src/assets/icons/SearchIcon.tsx
FN:3,(anonymous_0)
FNF:1
FNH:0
FNDA:0,(anonymous_0)
DA:3,1
DA:4,0
LF:2
LH:1
BRF:0
BRH:0
end_of_record
TN:
SF:src/assets/icons/SterilizationIcon.tsx
FN:4,(anonymous_0)
FNF:1
FNH:0
FNDA:0,(anonymous_0)
DA:4,1
DA:5,0
LF:2
LH:1
BRF:0
BRH:0
end_of_record
TN:
SF:src/assets/icons/SwapVerticalCircleIcon.tsx
FN:3,(anonymous_0)
FNF:1
FNH:0
FNDA:0,(anonymous_0)
DA:3,1
DA:4,0
LF:2
LH:1
BRF:0
BRH:0
end_of_record
TN:
SF:src/assets/icons/TasksIcon.tsx
FN:3,(anonymous_0)
FNF:1
FNH:0
FNDA:0,(anonymous_0)
DA:3,1
DA:4,0
LF:2
LH:1
BRF:0
BRH:0
end_of_record
TN:
SF:src/components/index.ts
FNF:0
FNH:0
LF:0
LH:0
BRF:0
BRH:0
end_of_record
TN:
SF:src/components/buttons/index.ts
FNF:0
FNH:0
LF:0
LH:0
BRF:0
BRH:0
end_of_record
TN:
SF:src/components/buttons/AddedTasksButton/AddedTasksButton.tsx
FN:17,(anonymous_0)
FN:31,(anonymous_1)
FN:32,(anonymous_2)
FN:39,(anonymous_3)
FN:44,(anonymous_4)
FNF:5
FNH:0
FNDA:0,(anonymous_0)
FNDA:0,(anonymous_1)
FNDA:0,(anonymous_2)
FNDA:0,(anonymous_3)
FNDA:0,(anonymous_4)
DA:17,1
DA:22,0
DA:24,0
DA:28,0
DA:29,0
DA:31,0
DA:32,0
DA:33,0
DA:34,0
DA:39,0
DA:40,0
DA:41,0
DA:42,0
DA:44,0
DA:45,0
DA:46,0
DA:52,0
DA:54,0
DA:55,0
DA:56,0
DA:57,0
DA:59,0
DA:61,0
DA:64,0
DA:92,1
LF:25
LH:2
BRDA:20,0,0,0
BRDA:25,1,0,0
BRDA:25,1,1,0
BRDA:25,2,0,0
BRDA:25,2,1,0
BRDA:28,3,0,0
BRDA:28,3,1,0
BRDA:33,4,0,0
BRDA:33,4,1,0
BRDA:40,5,0,0
BRDA:40,5,1,0
BRDA:40,6,0,0
BRDA:40,6,1,0
BRDA:42,7,0,0
BRDA:42,7,1,0
BRDA:54,8,0,0
BRDA:54,8,1,0
BRDA:55,9,0,0
BRDA:55,9,1,0
BRDA:80,10,0,0
BRDA:80,10,1,0
BRF:21
BRH:0
end_of_record
TN:
SF:src/components/buttons/AddedTasksButton/index.ts
FNF:0
FNH:0
LF:0
LH:0
BRF:0
BRH:0
end_of_record
TN:
SF:src/components/buttons/BottomCtaButtons/BottomCtaButtons.tsx
FN:7,(anonymous_0)
FNF:1
FNH:0
FNDA:0,(anonymous_0)
DA:7,1
DA:26,0
LF:2
LH:1
BRDA:12,0,0,0
BRDA:13,1,0,0
BRDA:33,2,0,0
BRDA:33,2,1,0
BRF:4
BRH:0
end_of_record
TN:
SF:src/components/buttons/BottomCtaButtons/index.ts
FNF:0
FNH:0
LF:0
LH:0
BRF:0
BRH:0
end_of_record
TN:
SF:src/components/buttons/Touchable/Touchable.tsx
FN:11,(anonymous_0)
FN:14,(anonymous_1)
FN:18,(anonymous_2)
FN:22,(anonymous_3)
FNF:4
FNH:0
FNDA:0,(anonymous_0)
FNDA:0,(anonymous_1)
FNDA:0,(anonymous_2)
FNDA:0,(anonymous_3)
DA:11,1
DA:12,0
DA:14,0
DA:15,0
DA:18,0
DA:19,0
DA:22,0
DA:23,0
DA:26,0
DA:46,1
LF:10
LH:2
BRDA:37,0,0,0
BRDA:37,0,1,0
BRDA:37,1,0,0
BRDA:37,1,1,0
BRF:4
BRH:0
end_of_record
TN:
SF:src/components/buttons/Touchable/index.ts
FNF:0
FNH:0
LF:0
LH:0
BRF:0
BRH:0
end_of_record
TN:
SF:src/components/containers/SafeAreaContainer.tsx
FN:6,(anonymous_0)
FNF:1
FNH:0
FNDA:0,(anonymous_0)
DA:6,1
DA:7,0
DA:12,1
LF:3
LH:2
BRF:0
BRH:0
end_of_record
TN:
SF:src/components/containers/index.ts
FNF:0
FNH:0
LF:0
LH:0
BRF:0
BRH:0
end_of_record
TN:
SF:src/components/containers/ScrollContext/ScrollContext.tsx
FN:26,(anonymous_0)
FN:27,(anonymous_1)
FN:28,(anonymous_2)
FN:31,(anonymous_3)
FN:33,(anonymous_4)
FN:40,(anonymous_5)
FN:59,(anonymous_6)
FN:64,(anonymous_7)
FNF:8
FNH:2
FNDA:0,(anonymous_0)
FNDA:0,(anonymous_1)
FNDA:0,(anonymous_2)
FNDA:10,(anonymous_3)
FNDA:5,(anonymous_4)
FNDA:0,(anonymous_5)
FNDA:0,(anonymous_6)
FNDA:0,(anonymous_7)
DA:21,1
DA:31,10
DA:33,1
DA:34,5
DA:35,5
DA:36,5
DA:37,5
DA:39,5
DA:42,0
DA:44,0
DA:45,0
DA:46,0
DA:47,0
DA:50,0
DA:51,0
DA:52,0
DA:54,0
DA:59,5
DA:60,0
DA:63,5
DA:65,0
DA:68,0
DA:69,0
DA:85,5
LF:24
LH:11
BRDA:68,0,0,0
BRDA:68,0,1,0
BRF:2
BRH:0
end_of_record
TN:
SF:src/components/containers/ShadowTopWrapper/ShadowTopWrapper.tsx
FN:11,(anonymous_0)
FNF:1
FNH:1
FNDA:5,(anonymous_0)
DA:11,1
DA:12,5
DA:13,5
DA:15,5
DA:35,1
LF:5
LH:5
BRDA:20,0,0,5
BRDA:20,0,1,0
BRDA:20,0,2,0
BRDA:25,1,0,5
BRDA:25,1,1,0
BRDA:25,1,2,0
BRF:6
BRH:2
end_of_record
TN:
SF:src/components/data-display/index.ts
FNF:0
FNH:0
LF:0
LH:0
BRF:0
BRH:0
end_of_record
TN:
SF:src/components/data-display/List/SimpleList.tsx
FN:14,SimpleList
FN:21,(anonymous_1)
FN:31,(anonymous_2)
FN:40,(anonymous_3)
FNF:4
FNH:0
FNDA:0,SimpleList
FNDA:0,(anonymous_1)
FNDA:0,(anonymous_2)
FNDA:0,(anonymous_3)
DA:21,0
DA:22,0
DA:31,0
DA:35,0
DA:40,0
DA:45,1
LF:6
LH:1
BRDA:25,0,0,0
BRDA:25,0,1,0
BRDA:25,0,2,0
BRF:3
BRH:0
end_of_record
TN:
SF:src/components/data-display/List/index.ts
FNF:0
FNH:0
LF:0
LH:0
BRF:0
BRH:0
end_of_record
TN:
SF:src/components/data-display/Tab/Tab.tsx
FN:11,(anonymous_0)
FNF:1
FNH:0
FNDA:0,(anonymous_0)
DA:11,1
DA:12,0
DA:15,1
LF:3
LH:2
BRF:0
BRH:0
end_of_record
TN:
SF:src/components/data-display/Tab/index.ts
FNF:0
FNH:0
LF:0
LH:0
BRF:0
BRH:0
end_of_record
TN:
SF:src/components/data-display/Tabs/Tabs.tsx
FN:27,(anonymous_0)
FN:35,(anonymous_1)
FN:39,(anonymous_2)
FN:43,(anonymous_3)
FN:57,(anonymous_4)
FN:66,(anonymous_5)
FN:80,(anonymous_6)
FN:84,(anonymous_7)
FN:108,(anonymous_8)
FN:114,(anonymous_9)
FN:139,(anonymous_10)
FNF:11
FNH:0
FNDA:0,(anonymous_0)
FNDA:0,(anonymous_1)
FNDA:0,(anonymous_2)
FNDA:0,(anonymous_3)
FNDA:0,(anonymous_4)
FNDA:0,(anonymous_5)
FNDA:0,(anonymous_6)
FNDA:0,(anonymous_7)
FNDA:0,(anonymous_8)
FNDA:0,(anonymous_9)
FNDA:0,(anonymous_10)
DA:27,1
DA:28,0
DA:29,0
DA:30,0
DA:31,0
DA:32,0
DA:33,0
DA:35,0
DA:36,0
DA:39,0
DA:40,0
DA:43,0
DA:44,0
DA:46,0
DA:47,0
DA:49,0
DA:54,0
DA:57,0
DA:58,0
DA:62,0
DA:67,0
DA:69,0
DA:72,0
DA:73,0
DA:74,0
DA:80,0
DA:81,0
DA:84,0
DA:88,0
DA:90,0
DA:105,0
DA:109,0
DA:110,0
DA:114,0
DA:140,0
DA:152,1
LF:36
LH:2
BRDA:28,0,0,0
BRDA:28,0,1,0
BRDA:44,1,0,0
BRDA:44,1,1,0
BRDA:67,2,0,0
BRDA:67,2,1,0
BRDA:72,3,0,0
BRDA:72,3,1,0
BRDA:88,4,0,0
BRDA:88,4,1,0
BRDA:91,5,0,0
BRDA:91,5,1,0
BRDA:95,6,0,0
BRDA:95,6,1,0
BRDA:99,7,0,0
BRDA:99,7,1,0
BRDA:113,8,0,0
BRDA:113,8,1,0
BRDA:144,9,0,0
BRDA:144,9,1,0
BRF:20
BRH:0
end_of_record
TN:
SF:src/components/data-display/Tabs/index.ts
FNF:0
FNH:0
LF:0
LH:0
BRF:0
BRH:0
end_of_record
TN:
SF:src/components/data-display/Text/Text.tsx
FN:37,(anonymous_0)
FNF:1
FNH:0
FNDA:0,(anonymous_0)
DA:15,1
DA:37,1
DA:38,0
DA:39,0
DA:41,0
DA:50,0
LF:6
LH:2
BRF:0
BRH:0
end_of_record
TN:
SF:src/components/data-display/Text/index.ts
FNF:0
FNH:0
LF:0
LH:0
BRF:0
BRH:0
end_of_record
TN:
SF:src/components/debug/FloatingVersionText.tsx
FN:11,(anonymous_0)
FN:19,(anonymous_1)
FNF:2
FNH:0
FNDA:0,(anonymous_0)
FNDA:0,(anonymous_1)
DA:11,1
DA:14,0
DA:16,0
DA:19,0
DA:30,1
LF:5
LH:2
BRDA:21,0,0,0
BRDA:21,0,1,0
BRF:2
BRH:0
end_of_record
TN:
SF:src/components/debug/index.ts
FNF:0
FNH:0
LF:0
LH:0
BRF:0
BRH:0
end_of_record
TN:
SF:src/components/drawer/Drawer.tsx
FN:12,(anonymous_0)
FNF:1
FNH:0
FNDA:0,(anonymous_0)
DA:12,1
DA:13,0
DA:18,1
LF:3
LH:2
BRF:0
BRH:0
end_of_record
TN:
SF:src/components/drawer/index.ts
FNF:0
FNH:0
LF:0
LH:0
BRF:0
BRH:0
end_of_record
TN:
SF:src/components/feedback/index.ts
FNF:0
FNH:0
LF:0
LH:0
BRF:0
BRH:0
end_of_record
TN:
SF:src/components/feedback/Dialog/DialogMessage.tsx
FN:75,(anonymous_0)
FN:85,(anonymous_1)
FN:86,(anonymous_2)
FN:94,(anonymous_3)
FN:108,(anonymous_4)
FN:113,(anonymous_5)
FN:122,(anonymous_6)
FN:127,(anonymous_7)
FN:139,(anonymous_8)
FN:149,(anonymous_9)
FN:158,(anonymous_10)
FN:175,(anonymous_11)
FN:189,(anonymous_12)
FN:196,(anonymous_13)
FN:214,(anonymous_14)
FN:272,(anonymous_15)
FN:316,(anonymous_16)
FNF:17
FNH:0
FNDA:0,(anonymous_0)
FNDA:0,(anonymous_1)
FNDA:0,(anonymous_2)
FNDA:0,(anonymous_3)
FNDA:0,(anonymous_4)
FNDA:0,(anonymous_5)
FNDA:0,(anonymous_6)
FNDA:0,(anonymous_7)
FNDA:0,(anonymous_8)
FNDA:0,(anonymous_9)
FNDA:0,(anonymous_10)
FNDA:0,(anonymous_11)
FNDA:0,(anonymous_12)
FNDA:0,(anonymous_13)
FNDA:0,(anonymous_14)
FNDA:0,(anonymous_15)
FNDA:0,(anonymous_16)
DA:75,1
DA:76,0
DA:77,0
DA:85,0
DA:94,0
DA:96,0
DA:97,0
DA:109,0
DA:113,0
DA:115,0
DA:117,0
DA:119,0
DA:122,0
DA:123,0
DA:127,0
DA:128,0
DA:139,0
DA:140,0
DA:141,0
DA:146,0
DA:149,0
DA:155,0
DA:158,0
DA:175,0
DA:189,0
DA:190,0
DA:191,0
DA:192,0
DA:193,0
DA:196,0
DA:203,0
DA:204,0
DA:210,0
DA:211,0
DA:214,0
DA:220,0
DA:221,0
DA:227,0
DA:228,0
DA:234,0
DA:235,0
DA:241,0
DA:242,0
DA:248,0
DA:249,0
DA:255,0
DA:256,0
DA:262,0
DA:263,0
DA:272,0
DA:273,0
DA:275,0
DA:312,0
DA:316,0
DA:337,1
DA:341,1
LF:56
LH:3
BRDA:101,0,0,0
BRDA:101,0,1,0
BRDA:104,1,0,0
BRDA:104,1,1,0
BRDA:140,2,0,0
BRDA:140,2,1,0
BRDA:161,3,0,0
BRDA:161,3,1,0
BRDA:171,4,0,0
BRDA:171,4,1,0
BRDA:177,5,0,0
BRDA:177,5,1,0
BRDA:179,6,0,0
BRDA:179,6,1,0
BRDA:190,7,0,0
BRDA:190,7,1,0
BRDA:192,8,0,0
BRDA:192,8,1,0
BRDA:203,9,0,0
BRDA:203,9,1,0
BRDA:210,10,0,0
BRDA:210,10,1,0
BRDA:220,11,0,0
BRDA:220,11,1,0
BRDA:227,12,0,0
BRDA:227,12,1,0
BRDA:234,13,0,0
BRDA:234,13,1,0
BRDA:241,14,0,0
BRDA:241,14,1,0
BRDA:248,15,0,0
BRDA:248,15,1,0
BRDA:255,16,0,0
BRDA:255,16,1,0
BRDA:262,17,0,0
BRDA:262,17,1,0
BRDA:264,18,0,0
BRDA:264,18,1,0
BRDA:265,19,0,0
BRDA:265,19,1,0
BRDA:266,20,0,0
BRDA:266,20,1,0
BRDA:267,21,0,0
BRDA:267,21,1,0
BRDA:273,22,0,0
BRDA:273,22,1,0
BRDA:325,23,0,0
BRDA:325,23,1,0
BRF:48
BRH:0
end_of_record
TN:
SF:src/components/feedback/Dialog/LoadingDialog.tsx
FN:17,(anonymous_0)
FN:19,(anonymous_1)
FN:20,(anonymous_2)
FN:26,(anonymous_3)
FN:33,(anonymous_4)
FNF:5
FNH:0
FNDA:0,(anonymous_0)
FNDA:0,(anonymous_1)
FNDA:0,(anonymous_2)
FNDA:0,(anonymous_3)
FNDA:0,(anonymous_4)
DA:16,1
DA:18,0
DA:19,0
DA:21,0
DA:27,0
DA:33,0
DA:34,0
DA:36,0
DA:76,1
LF:9
LH:2
BRDA:49,0,0,0
BRDA:49,0,1,0
BRDA:61,1,0,0
BRDA:61,1,1,0
BRDA:66,2,0,0
BRDA:66,2,1,0
BRF:6
BRH:0
end_of_record
TN:
SF:src/components/feedback/Dialog/index.ts
FNF:0
FNH:0
LF:0
LH:0
BRF:0
BRH:0
end_of_record
TN:
SF:src/components/feedback/Dialog/useDialog.ts
FN:18,(anonymous_0)
FNF:1
FNH:0
FNDA:0,(anonymous_0)
DA:18,1
DA:19,0
DA:21,0
LF:3
LH:1
BRF:0
BRH:0
end_of_record
TN:
SF:src/components/feedback/ErrorNotification/ErrorNotification.tsx
FN:17,(anonymous_0)
FNF:1
FNH:0
FNDA:0,(anonymous_0)
DA:8,1
DA:17,1
DA:23,0
DA:25,0
DA:42,1
DA:46,1
LF:6
LH:4
BRDA:23,0,0,0
BRDA:23,0,1,0
BRDA:49,1,0,1
BRDA:49,1,1,0
BRDA:53,2,0,1
BRDA:53,2,1,0
BRF:6
BRH:2
end_of_record
TN:
SF:src/components/feedback/ErrorNotification/index.ts
FNF:0
FNH:0
LF:0
LH:0
BRF:0
BRH:0
end_of_record
TN:
SF:src/components/feedback/Loading/Loading.tsx
FN:5,(anonymous_0)
FNF:1
FNH:0
FNDA:0,(anonymous_0)
DA:5,1
DA:6,0
DA:11,1
LF:3
LH:2
BRF:0
BRH:0
end_of_record
TN:
SF:src/components/feedback/Loading/index.ts
FNF:0
FNH:0
LF:0
LH:0
BRF:0
BRH:0
end_of_record
TN:
SF:src/components/feedback/QuarantineWarningModal/QuarantineWarningModal.tsx
FN:23,(anonymous_0)
FNF:1
FNH:0
FNDA:0,(anonymous_0)
DA:23,1
DA:35,0
DA:38,0
DA:93,1
LF:4
LH:2
BRDA:35,0,0,0
BRDA:35,0,1,0
BRDA:35,0,2,0
BRDA:35,0,3,0
BRDA:50,1,0,0
BRDA:50,1,1,0
BRDA:60,2,0,0
BRDA:60,2,1,0
BRF:8
BRH:0
end_of_record
TN:
SF:src/components/feedback/QuarantineWarningModal/index.ts
FNF:0
FNH:0
LF:0
LH:0
BRF:0
BRH:0
end_of_record
TN:
SF:src/components/inputs/index.ts
FNF:0
FNH:0
LF:0
LH:0
BRF:0
BRH:0
end_of_record
TN:
SF:src/components/inputs/BigWarningModal/BigWarningModal.tsx
FN:24,(anonymous_0)
FNF:1
FNH:0
FNDA:0,(anonymous_0)
DA:24,1
DA:36,0
DA:84,1
LF:3
LH:2
BRF:0
BRH:0
end_of_record
TN:
SF:src/components/inputs/BigWarningModal/index.ts
FNF:0
FNH:0
LF:0
LH:0
BRF:0
BRH:0
end_of_record
TN:
SF:src/components/inputs/Button/Button.tsx
FN:35,(anonymous_0)
FNF:1
FNH:1
FNDA:3,(anonymous_0)
DA:35,2
DA:47,3
DA:97,2
LF:3
LH:3
BRDA:51,0,0,3
BRDA:51,0,1,2
BRDA:54,1,0,3
BRDA:54,1,1,3
BRDA:55,2,0,3
BRDA:55,2,1,0
BRDA:56,3,0,3
BRDA:56,3,1,0
BRDA:57,4,0,3
BRDA:57,4,1,0
BRDA:58,5,0,3
BRDA:58,5,1,0
BRDA:59,6,0,3
BRDA:59,6,1,1
BRDA:60,7,0,3
BRDA:60,7,1,1
BRDA:62,8,0,3
BRDA:62,8,1,0
BRDA:64,9,0,3
BRDA:64,9,1,3
BRDA:66,10,0,3
BRDA:66,10,1,1
BRDA:72,11,0,3
BRDA:72,11,1,0
BRDA:79,12,0,3
BRDA:79,12,1,2
BRDA:83,13,0,2
BRDA:83,13,1,0
BRDA:84,14,0,2
BRDA:84,14,1,0
BRDA:85,15,0,2
BRDA:85,15,1,1
BRDA:90,16,0,0
BRDA:90,16,1,2
BRF:34
BRH:25
end_of_record
TN:
SF:src/components/inputs/Button/index.ts
FNF:0
FNH:0
LF:0
LH:0
BRF:0
BRH:0
end_of_record
TN:
SF:src/components/inputs/Button/RNPaperStyled/index.tsx
FN:17,(anonymous_0)
FNF:1
FNH:1
FNDA:1,(anonymous_0)
DA:17,1
DA:26,1
DA:56,1
LF:3
LH:3
BRDA:37,0,0,1
BRDA:37,0,1,1
BRDA:38,1,0,1
BRDA:38,1,1,0
BRDA:39,2,0,1
BRDA:39,2,1,0
BRDA:43,3,0,1
BRDA:43,3,1,0
BRDA:44,4,0,1
BRDA:44,4,1,0
BRDA:45,5,0,1
BRDA:45,5,1,0
BRDA:46,6,0,1
BRDA:46,6,1,0
BRDA:47,7,0,1
BRDA:47,7,1,0
BRF:16
BRH:9
end_of_record
TN:
SF:src/components/inputs/ButtonGroup/ButtonGroup.tsx
FN:10,(anonymous_0)
FN:16,(anonymous_1)
FNF:2
FNH:2
FNDA:3,(anonymous_0)
FNDA:6,(anonymous_1)
DA:10,2
DA:14,3
DA:17,6
DA:30,2
LF:4
LH:4
BRDA:12,0,0,0
BRF:1
BRH:0
end_of_record
TN:
SF:src/components/inputs/ButtonGroup/index.ts
FNF:0
FNH:0
LF:0
LH:0
BRF:0
BRH:0
end_of_record
TN:
SF:src/components/inputs/Checkbox/Checkbox.tsx
FN:17,(anonymous_0)
FN:24,(anonymous_1)
FNF:2
FNH:0
FNDA:0,(anonymous_0)
FNDA:0,(anonymous_1)
DA:17,1
DA:24,0
DA:25,0
DA:28,0
DA:44,1
LF:5
LH:2
BRDA:19,0,0,0
BRDA:21,1,0,0
BRDA:31,2,0,0
BRDA:31,2,1,0
BRF:4
BRH:0
end_of_record
TN:
SF:src/components/inputs/Checkbox/index.ts
FNF:0
FNH:0
LF:0
LH:0
BRF:0
BRH:0
end_of_record
TN:
SF:src/components/inputs/ConfirmDialog/ConfirmDialog.tsx
FN:19,(anonymous_0)
FNF:1
FNH:0
FNDA:0,(anonymous_0)
DA:19,1
DA:30,0
DA:77,1
LF:3
LH:2
BRDA:23,0,0,0
BRDA:24,1,0,0
BRDA:25,2,0,0
BRDA:26,3,0,0
BRDA:46,4,0,0
BRDA:46,4,1,0
BRDA:64,5,0,0
BRDA:64,5,1,0
BRF:8
BRH:0
end_of_record
TN:
SF:src/components/inputs/ConfirmDialog/index.ts
FNF:0
FNH:0
LF:0
LH:0
BRF:0
BRH:0
end_of_record
TN:
SF:src/components/inputs/DatePicker/DatePicker.tsx
FN:19,(anonymous_0)
FN:29,(anonymous_1)
FN:37,(anonymous_2)
FN:42,(anonymous_3)
FNF:4
FNH:0
FNDA:0,(anonymous_0)
FNDA:0,(anonymous_1)
FNDA:0,(anonymous_2)
FNDA:0,(anonymous_3)
DA:19,1
DA:27,0
DA:29,0
DA:30,0
DA:37,0
DA:38,0
DA:39,0
DA:42,0
DA:44,0
DA:86,1
LF:10
LH:2
BRDA:24,0,0,0
BRDA:39,1,0,0
BRDA:39,1,1,0
BRDA:42,2,0,0
BRDA:42,2,1,0
BRDA:54,3,0,0
BRDA:54,3,1,0
BRDA:57,4,0,0
BRDA:57,4,1,0
BRDA:60,5,0,0
BRDA:60,5,1,0
BRDA:62,6,0,0
BRDA:62,6,1,0
BRDA:71,7,0,0
BRDA:71,7,1,0
BRDA:75,8,0,0
BRDA:75,8,1,0
BRDA:79,9,0,0
BRDA:79,9,1,0
BRF:19
BRH:0
end_of_record
TN:
SF:src/components/inputs/Dropdown/Dropdown.tsx
FN:26,(anonymous_0)
FN:48,(anonymous_1)
FN:90,(anonymous_2)
FN:98,(anonymous_3)
FN:101,(anonymous_4)
FN:105,(anonymous_5)
FN:108,(anonymous_6)
FN:115,(anonymous_7)
FN:118,(anonymous_8)
FN:131,(anonymous_9)
FN:136,(anonymous_10)
FN:144,(anonymous_11)
FN:149,(anonymous_12)
FN:156,(anonymous_13)
FN:164,(anonymous_14)
FN:173,(anonymous_15)
FN:180,(anonymous_16)
FN:182,(anonymous_17)
FN:191,(anonymous_18)
FN:200,(anonymous_19)
FN:202,(anonymous_20)
FN:210,(anonymous_21)
FN:219,(anonymous_22)
FN:220,(anonymous_23)
FN:230,(anonymous_24)
FN:258,(anonymous_25)
FN:262,(anonymous_26)
FN:303,(anonymous_27)
FN:383,(anonymous_28)
FN:388,(anonymous_29)
FN:393,(anonymous_30)
FN:400,(anonymous_31)
FNF:32
FNH:0
FNDA:0,(anonymous_0)
FNDA:0,(anonymous_1)
FNDA:0,(anonymous_2)
FNDA:0,(anonymous_3)
FNDA:0,(anonymous_4)
FNDA:0,(anonymous_5)
FNDA:0,(anonymous_6)
FNDA:0,(anonymous_7)
FNDA:0,(anonymous_8)
FNDA:0,(anonymous_9)
FNDA:0,(anonymous_10)
FNDA:0,(anonymous_11)
FNDA:0,(anonymous_12)
FNDA:0,(anonymous_13)
FNDA:0,(anonymous_14)
FNDA:0,(anonymous_15)
FNDA:0,(anonymous_16)
FNDA:0,(anonymous_17)
FNDA:0,(anonymous_18)
FNDA:0,(anonymous_19)
FNDA:0,(anonymous_20)
FNDA:0,(anonymous_21)
FNDA:0,(anonymous_22)
FNDA:0,(anonymous_23)
FNDA:0,(anonymous_24)
FNDA:0,(anonymous_25)
FNDA:0,(anonymous_26)
FNDA:0,(anonymous_27)
FNDA:0,(anonymous_28)
FNDA:0,(anonymous_29)
FNDA:0,(anonymous_30)
FNDA:0,(anonymous_31)
DA:20,1
DA:21,1
DA:26,1
DA:27,0
DA:48,1
DA:59,0
DA:60,0
DA:61,0
DA:62,0
DA:64,0
DA:65,0
DA:66,0
DA:67,0
DA:68,0
DA:69,0
DA:72,0
DA:76,0
DA:77,0
DA:78,0
DA:80,0
DA:81,0
DA:84,0
DA:90,0
DA:91,0
DA:92,0
DA:93,0
DA:98,0
DA:99,0
DA:101,0
DA:103,0
DA:105,0
DA:108,0
DA:109,0
DA:110,0
DA:115,0
DA:116,0
DA:119,0
DA:120,0
DA:121,0
DA:122,0
DA:123,0
DA:124,0
DA:125,0
DA:126,0
DA:131,0
DA:132,0
DA:136,0
DA:137,0
DA:144,0
DA:145,0
DA:150,0
DA:151,0
DA:156,0
DA:157,0
DA:164,0
DA:165,0
DA:166,0
DA:167,0
DA:168,0
DA:169,0
DA:173,0
DA:174,0
DA:175,0
DA:176,0
DA:177,0
DA:180,0
DA:181,0
DA:182,0
DA:183,0
DA:191,0
DA:192,0
DA:200,0
DA:201,0
DA:202,0
DA:203,0
DA:210,0
DA:211,0
DA:212,0
DA:213,0
DA:214,0
DA:215,0
DA:216,0
DA:219,0
DA:220,0
DA:221,0
DA:222,0
DA:230,0
DA:231,0
DA:232,0
DA:234,0
DA:235,0
DA:236,0
DA:238,0
DA:243,0
DA:248,0
DA:253,0
DA:258,0
DA:259,0
DA:262,0
DA:263,0
DA:266,0
DA:267,0
DA:268,0
DA:269,0
DA:270,0
DA:271,0
DA:272,0
DA:273,0
DA:274,0
DA:275,0
DA:276,0
DA:277,0
DA:278,0
DA:279,0
DA:280,0
DA:283,0
DA:303,0
DA:383,0
DA:388,0
DA:394,0
DA:400,0
DA:424,1
LF:122
LH:5
BRDA:53,0,0,0
BRDA:64,1,0,0
BRDA:64,1,1,0
BRDA:77,2,0,0
BRDA:77,2,1,0
BRDA:78,3,0,0
BRDA:78,3,1,0
BRDA:80,4,0,0
BRDA:80,4,1,0
BRDA:91,5,0,0
BRDA:91,5,1,0
BRDA:119,6,0,0
BRDA:119,6,1,0
BRDA:138,7,0,0
BRDA:138,7,1,0
BRDA:146,8,0,0
BRDA:146,8,1,0
BRDA:150,9,0,0
BRDA:150,9,1,0
BRDA:158,10,0,0
BRDA:158,10,1,0
BRDA:167,11,0,0
BRDA:167,11,1,0
BRDA:167,12,0,0
BRDA:167,12,1,0
BRDA:181,13,0,0
BRDA:181,13,1,0
BRDA:185,14,0,0
BRDA:185,14,1,0
BRDA:201,15,0,0
BRDA:201,15,1,0
BRDA:221,16,0,0
BRDA:221,16,1,0
BRDA:221,17,0,0
BRDA:221,17,1,0
BRDA:231,18,0,0
BRDA:231,18,1,0
BRDA:234,19,0,0
BRDA:234,19,1,0
BRDA:270,20,0,0
BRDA:270,20,1,0
BRDA:275,21,0,0
BRDA:275,21,1,0
BRDA:278,22,0,0
BRDA:278,22,1,0
BRDA:291,23,0,0
BRDA:291,23,1,0
BRDA:303,24,0,0
BRDA:303,24,1,0
BRDA:303,24,2,0
BRDA:303,24,3,0
BRDA:321,25,0,0
BRDA:321,25,1,0
BRDA:322,26,0,0
BRDA:322,26,1,0
BRDA:329,27,0,0
BRDA:329,27,1,0
BRDA:329,27,2,0
BRDA:351,28,0,0
BRDA:351,28,1,0
BRDA:359,29,0,0
BRDA:359,29,1,0
BRDA:364,30,0,0
BRDA:364,30,1,0
BRDA:370,31,0,0
BRDA:370,31,1,0
BRDA:378,32,0,0
BRDA:378,32,1,0
BRDA:402,33,0,0
BRDA:402,33,1,0
BRF:70
BRH:0
end_of_record
TN:
SF:src/components/inputs/Dropdown/index.ts
FNF:0
FNH:0
LF:0
LH:0
BRF:0
BRH:0
end_of_record
TN:
SF:src/components/inputs/FloatingActionButton/FloatingActionButton.tsx
FN:17,(anonymous_0)
FNF:1
FNH:1
FNDA:1,(anonymous_0)
DA:17,2
DA:25,1
DA:41,2
LF:3
LH:3
BRDA:23,0,0,1
BRF:1
BRH:1
end_of_record
TN:
SF:src/components/inputs/IconButton/IconButton.tsx
FN:18,(anonymous_0)
FNF:1
FNH:1
FNDA:1,(anonymous_0)
DA:18,3
DA:27,1
DA:41,3
LF:3
LH:3
BRDA:20,0,0,1
BRDA:21,1,0,1
BRDA:23,2,0,1
BRF:3
BRH:3
end_of_record
TN:
SF:src/components/inputs/IconButton/index.ts
FNF:0
FNH:0
LF:0
LH:0
BRF:0
BRH:0
end_of_record
TN:
SF:src/components/inputs/QuantityField/QuantityField.tsx
FN:17,(anonymous_0)
FN:31,(anonymous_1)
FN:34,(anonymous_2)
FN:38,(anonymous_3)
FN:40,(anonymous_4)
FN:45,(anonymous_5)
FN:46,(anonymous_6)
FN:47,(anonymous_7)
FN:55,(anonymous_8)
FN:101,(anonymous_9)
FN:105,(anonymous_10)
FN:106,(anonymous_11)
FNF:12
FNH:0
FNDA:0,(anonymous_0)
FNDA:0,(anonymous_1)
FNDA:0,(anonymous_2)
FNDA:0,(anonymous_3)
FNDA:0,(anonymous_4)
FNDA:0,(anonymous_5)
FNDA:0,(anonymous_6)
FNDA:0,(anonymous_7)
FNDA:0,(anonymous_8)
FNDA:0,(anonymous_9)
FNDA:0,(anonymous_10)
FNDA:0,(anonymous_11)
DA:17,1
DA:26,0
DA:27,0
DA:28,0
DA:29,0
DA:30,0
DA:31,0
DA:32,0
DA:34,0
DA:36,0
DA:38,0
DA:40,0
DA:41,0
DA:42,0
DA:45,0
DA:46,0
DA:47,0
DA:48,0
DA:49,0
DA:50,0
DA:52,0
DA:55,0
DA:64,0
DA:101,0
DA:105,0
DA:106,0
DA:144,1
LF:27
LH:2
BRDA:18,0,0,0
BRDA:19,1,0,0
BRDA:20,2,0,0
BRDA:21,3,0,0
BRDA:22,4,0,0
BRDA:30,5,0,0
BRDA:30,5,1,0
BRDA:49,6,0,0
BRDA:49,6,1,0
BRDA:58,7,0,0
BRDA:58,7,1,0
BRDA:60,8,0,0
BRDA:60,8,1,0
BRDA:67,9,0,0
BRDA:67,9,1,0
BRDA:71,10,0,0
BRDA:71,10,1,0
BRDA:74,11,0,0
BRDA:74,11,1,0
BRDA:79,12,0,0
BRDA:79,12,1,0
BRDA:96,13,0,0
BRDA:96,13,1,0
BRDA:108,14,0,0
BRDA:108,14,1,0
BRDA:112,15,0,0
BRDA:112,15,1,0
BRDA:118,16,0,0
BRDA:118,16,1,0
BRDA:122,17,0,0
BRDA:122,17,1,0
BRDA:127,18,0,0
BRDA:127,18,1,0
BRDA:134,19,0,0
BRDA:134,19,1,0
BRF:35
BRH:0
end_of_record
TN:
SF:src/components/inputs/QuantityField/index.ts
FNF:0
FNH:0
LF:0
LH:0
BRF:0
BRH:0
end_of_record
TN:
SF:src/components/inputs/RadioGroup/RadioGroup.tsx
FN:13,(anonymous_0)
FN:22,(anonymous_1)
FN:27,(anonymous_2)
FNF:3
FNH:2
FNDA:1,(anonymous_0)
FNDA:3,(anonymous_1)
FNDA:0,(anonymous_2)
DA:13,2
DA:18,1
DA:20,1
DA:23,3
DA:27,0
DA:38,2
LF:6
LH:5
BRDA:26,0,0,0
BRDA:26,0,1,3
BRF:2
BRH:1
end_of_record
TN:
SF:src/components/inputs/RadioGroup/index.ts
FNF:0
FNH:0
LF:0
LH:0
BRF:0
BRH:0
end_of_record
TN:
SF:src/components/inputs/Rating/Rating.tsx
FN:1,(anonymous_0)
FNF:1
FNH:0
FNDA:0,(anonymous_0)
DA:1,1
LF:1
LH:1
BRF:0
BRH:0
end_of_record
TN:
SF:src/components/inputs/Rating/index.ts
FNF:0
FNH:0
LF:0
LH:0
BRF:0
BRH:0
end_of_record
TN:
SF:src/components/inputs/SearchField/SearchField.tsx
FN:25,(anonymous_0)
FN:46,(anonymous_1)
FN:52,(anonymous_2)
FN:74,(anonymous_3)
FN:75,(anonymous_4)
FN:83,(anonymous_5)
FN:86,(anonymous_6)
FN:102,(anonymous_7)
FNF:8
FNH:3
FNDA:12,(anonymous_0)
FNDA:2,(anonymous_1)
FNDA:2,(anonymous_2)
FNDA:0,(anonymous_3)
FNDA:0,(anonymous_4)
FNDA:0,(anonymous_5)
FNDA:0,(anonymous_6)
FNDA:0,(anonymous_7)
DA:25,1
DA:35,12
DA:37,12
DA:38,12
DA:41,12
DA:42,12
DA:46,12
DA:47,2
DA:48,2
DA:49,2
DA:52,12
DA:53,2
DA:54,2
DA:57,12
DA:74,0
DA:75,0
DA:83,0
DA:87,0
DA:103,0
DA:125,1
LF:20
LH:15
BRDA:28,0,0,12
BRDA:32,1,0,12
BRDA:41,2,0,12
BRDA:41,2,1,0
BRDA:41,3,0,0
BRDA:41,3,1,0
BRDA:42,4,0,12
BRDA:42,4,1,0
BRDA:63,5,0,12
BRDA:63,5,1,0
BRDA:81,6,0,12
BRDA:81,6,1,0
BRDA:81,6,2,0
BRDA:84,7,0,0
BRDA:84,7,1,0
BRDA:95,8,0,12
BRDA:95,8,1,12
BRDA:95,8,2,0
BRDA:100,9,0,0
BRDA:100,9,1,0
BRDA:111,10,0,12
BRDA:111,10,1,0
BRDA:111,10,2,0
BRDA:111,10,3,0
BRDA:113,11,0,0
BRDA:113,11,1,0
BRDA:113,12,0,0
BRDA:113,12,1,0
BRF:28
BRH:9
end_of_record
TN:
SF:src/components/inputs/SearchField/index.ts
FNF:0
FNH:0
LF:0
LH:0
BRF:0
BRH:0
end_of_record
TN:
SF:src/components/inputs/Select/Select.tsx
FN:32,(anonymous_0)
FN:52,(anonymous_1)
FN:66,(anonymous_2)
FN:70,(anonymous_3)
FN:75,(anonymous_4)
FN:80,(anonymous_5)
FN:85,(anonymous_6)
FN:86,(anonymous_7)
FN:149,(anonymous_8)
FN:152,(anonymous_9)
FNF:10
FNH:0
FNDA:0,(anonymous_0)
FNDA:0,(anonymous_1)
FNDA:0,(anonymous_2)
FNDA:0,(anonymous_3)
FNDA:0,(anonymous_4)
FNDA:0,(anonymous_5)
FNDA:0,(anonymous_6)
FNDA:0,(anonymous_7)
FNDA:0,(anonymous_8)
FNDA:0,(anonymous_9)
DA:32,1
DA:47,0
DA:48,0
DA:49,0
DA:50,0
DA:52,0
DA:66,0
DA:67,0
DA:68,0
DA:70,0
DA:71,0
DA:72,0
DA:75,0
DA:76,0
DA:77,0
DA:80,0
DA:81,0
DA:82,0
DA:85,0
DA:86,0
DA:87,0
DA:90,0
DA:150,0
DA:152,0
DA:172,1
LF:25
LH:2
BRDA:33,0,0,0
BRDA:34,1,0,0
BRDA:37,2,0,0
BRDA:39,3,0,0
BRDA:41,4,0,0
BRDA:43,5,0,0
BRDA:54,6,0,0
BRDA:54,6,1,0
BRDA:56,7,0,0
BRDA:56,7,1,0
BRDA:60,8,0,0
BRDA:60,8,1,0
BRDA:87,9,0,0
BRDA:87,9,1,0
BRDA:87,10,0,0
BRDA:87,10,1,0
BRDA:92,11,0,0
BRDA:92,11,1,0
BRDA:111,12,0,0
BRDA:111,12,1,0
BRDA:121,13,0,0
BRDA:121,13,1,0
BRDA:127,14,0,0
BRDA:127,14,1,0
BRDA:131,15,0,0
BRDA:131,15,1,0
BRDA:138,16,0,0
BRDA:138,16,1,0
BRDA:156,17,0,0
BRDA:156,17,1,0
BRDA:156,17,2,0
BRDA:163,18,0,0
BRDA:163,18,1,0
BRDA:164,19,0,0
BRDA:164,19,1,0
BRF:35
BRH:0
end_of_record
TN:
SF:src/components/inputs/Select/index.ts
FNF:0
FNH:0
LF:0
LH:0
BRF:0
BRH:0
end_of_record
TN:
SF:src/components/inputs/Slider/Slider.tsx
FN:15,(anonymous_0)
FN:17,(anonymous_1)
FNF:2
FNH:1
FNDA:1,(anonymous_0)
FNDA:0,(anonymous_1)
DA:15,2
DA:25,1
DA:27,1
DA:46,2
LF:4
LH:4
BRDA:17,0,0,1
BRDA:22,1,0,1
BRDA:23,2,0,1
BRF:3
BRH:3
end_of_record
TN:
SF:src/components/inputs/Slider/index.ts
FNF:0
FNH:0
LF:0
LH:0
BRF:0
BRH:0
end_of_record
TN:
SF:src/components/inputs/Switch/Switch.tsx
FN:11,(anonymous_0)
FNF:1
FNH:0
FNDA:0,(anonymous_0)
DA:11,1
DA:12,0
LF:2
LH:1
BRF:0
BRH:0
end_of_record
TN:
SF:src/components/inputs/Switch/index.ts
FNF:0
FNH:0
LF:0
LH:0
BRF:0
BRH:0
end_of_record
TN:
SF:src/components/inputs/TextField/TextField.tsx
FN:49,(anonymous_0)
FN:77,(anonymous_1)
FN:82,(anonymous_2)
FN:87,(anonymous_3)
FN:92,(anonymous_4)
FN:100,(anonymous_5)
FNF:6
FNH:0
FNDA:0,(anonymous_0)
FNDA:0,(anonymous_1)
FNDA:0,(anonymous_2)
FNDA:0,(anonymous_3)
FNDA:0,(anonymous_4)
FNDA:0,(anonymous_5)
DA:48,1
DA:75,0
DA:77,0
DA:78,0
DA:79,0
DA:82,0
DA:83,0
DA:84,0
DA:87,0
DA:88,0
DA:89,0
DA:92,0
DA:93,0
DA:94,0
DA:98,0
DA:100,0
DA:115,0
DA:249,1
DA:251,1
LF:19
LH:3
BRDA:54,0,0,0
BRDA:55,1,0,0
BRDA:56,2,0,0
BRDA:67,3,0,0
BRDA:69,4,0,0
BRDA:70,5,0,0
BRDA:84,6,0,0
BRDA:84,6,1,0
BRDA:98,7,0,0
BRDA:98,7,1,0
BRDA:98,7,2,0
BRDA:103,8,0,0
BRDA:103,8,1,0
BRDA:107,9,0,0
BRDA:107,9,1,0
BRDA:108,10,0,0
BRDA:108,10,1,0
BRDA:111,11,0,0
BRDA:111,11,1,0
BRDA:111,12,0,0
BRDA:111,12,1,0
BRDA:117,13,0,0
BRDA:117,13,1,0
BRDA:117,13,2,0
BRDA:128,14,0,0
BRDA:128,14,1,0
BRDA:134,15,0,0
BRDA:134,15,1,0
BRDA:138,16,0,0
BRDA:138,16,1,0
BRDA:148,17,0,0
BRDA:148,17,1,0
BRDA:150,18,0,0
BRDA:150,18,1,0
BRDA:156,19,0,0
BRDA:156,19,1,0
BRDA:171,20,0,0
BRDA:171,20,1,0
BRDA:173,21,0,0
BRDA:173,21,1,0
BRDA:185,22,0,0
BRDA:185,22,1,0
BRDA:192,23,0,0
BRDA:192,23,1,0
BRDA:200,24,0,0
BRDA:200,24,1,0
BRDA:212,25,0,0
BRDA:212,25,1,0
BRDA:235,26,0,0
BRDA:235,26,1,0
BRDA:238,27,0,0
BRDA:238,27,1,0
BRF:52
BRH:0
end_of_record
TN:
SF:src/components/inputs/TextField/index.ts
FNF:0
FNH:0
LF:0
LH:0
BRF:0
BRH:0
end_of_record
TN:
SF:src/components/inputs/TimePicker/TimePicker.tsx
FN:19,(anonymous_0)
FN:29,(anonymous_1)
FN:37,(anonymous_2)
FN:41,(anonymous_3)
FNF:4
FNH:0
FNDA:0,(anonymous_0)
FNDA:0,(anonymous_1)
FNDA:0,(anonymous_2)
FNDA:0,(anonymous_3)
DA:19,1
DA:27,0
DA:29,0
DA:30,0
DA:37,0
DA:38,0
DA:39,0
DA:41,0
DA:43,0
DA:85,1
LF:10
LH:2
BRDA:24,0,0,0
BRDA:39,1,0,0
BRDA:39,1,1,0
BRDA:41,2,0,0
BRDA:41,2,1,0
BRDA:53,3,0,0
BRDA:53,3,1,0
BRDA:56,4,0,0
BRDA:56,4,1,0
BRDA:59,5,0,0
BRDA:59,5,1,0
BRDA:61,6,0,0
BRDA:61,6,1,0
BRDA:70,7,0,0
BRDA:70,7,1,0
BRDA:74,8,0,0
BRDA:74,8,1,0
BRDA:78,9,0,0
BRDA:78,9,1,0
BRF:19
BRH:0
end_of_record
TN:
SF:src/components/inputs/TimePicker/index.ts
FNF:0
FNH:0
LF:0
LH:0
BRF:0
BRH:0
end_of_record
TN:
SF:src/components/inputs/WarningAlert/WarningAlert.tsx
FN:18,(anonymous_0)
FN:26,(anonymous_1)
FN:32,(anonymous_2)
FNF:3
FNH:3
FNDA:1,(anonymous_0)
FNDA:1,(anonymous_1)
FNDA:1,(anonymous_2)
DA:18,1
DA:26,1
DA:28,1
DA:29,0
DA:32,1
DA:33,1
DA:37,1
DA:39,1
DA:66,1
LF:9
LH:8
BRDA:23,0,0,1
BRDA:28,1,0,0
BRDA:28,1,1,1
BRDA:28,2,0,1
BRDA:28,2,1,0
BRDA:37,3,0,0
BRDA:37,3,1,1
BRDA:45,4,0,1
BRDA:45,4,1,0
BRF:9
BRH:5
end_of_record
TN:
SF:src/components/inputs/WarningAlert/WarningAltert.tsx
FN:18,(anonymous_0)
FN:26,(anonymous_1)
FN:32,(anonymous_2)
FNF:3
FNH:0
FNDA:0,(anonymous_0)
FNDA:0,(anonymous_1)
FNDA:0,(anonymous_2)
DA:18,1
DA:26,0
DA:28,0
DA:29,0
DA:32,0
DA:33,0
DA:37,0
DA:39,0
DA:63,1
LF:9
LH:2
BRDA:23,0,0,0
BRDA:28,1,0,0
BRDA:28,1,1,0
BRDA:28,2,0,0
BRDA:28,2,1,0
BRDA:37,3,0,0
BRDA:37,3,1,0
BRDA:43,4,0,0
BRDA:43,4,1,0
BRF:9
BRH:0
end_of_record
TN:
SF:src/components/inputs/WarningAlert/index.ts
FNF:0
FNH:0
LF:0
LH:0
BRF:0
BRH:0
end_of_record
TN:
SF:src/components/menu/DialogMenu.tsx
FN:25,(anonymous_0)
FN:38,(anonymous_1)
FN:39,(anonymous_2)
FN:51,(anonymous_3)
FN:55,(anonymous_4)
FN:101,(anonymous_5)
FN:104,(anonymous_6)
FNF:7
FNH:0
FNDA:0,(anonymous_0)
FNDA:0,(anonymous_1)
FNDA:0,(anonymous_2)
FNDA:0,(anonymous_3)
FNDA:0,(anonymous_4)
FNDA:0,(anonymous_5)
FNDA:0,(anonymous_6)
DA:25,1
DA:34,0
DA:35,0
DA:36,0
DA:38,0
DA:39,0
DA:40,0
DA:41,0
DA:47,0
DA:48,0
DA:51,0
DA:52,0
DA:56,0
DA:57,0
DA:58,0
DA:62,0
DA:102,0
DA:105,0
DA:106,0
DA:120,1
LF:20
LH:2
BRDA:26,0,0,0
BRDA:27,1,0,0
BRDA:28,2,0,0
BRDA:31,3,0,0
BRDA:32,4,0,0
BRDA:64,5,0,0
BRDA:64,5,1,0
BRDA:66,6,0,0
BRDA:66,6,1,0
BRDA:70,7,0,0
BRDA:70,7,1,0
BRDA:93,8,0,0
BRDA:93,8,1,0
BRDA:94,9,0,0
BRDA:94,9,1,0
BRDA:96,10,0,0
BRDA:96,10,1,0
BRDA:110,11,0,0
BRDA:110,11,1,0
BRF:19
BRH:0
end_of_record
TN:
SF:src/components/menu/Menu.tsx
FN:37,(anonymous_0)
FN:60,(anonymous_1)
FNF:2
FNH:0
FNDA:0,(anonymous_0)
FNDA:0,(anonymous_1)
DA:22,1
DA:37,1
DA:38,0
DA:40,0
DA:41,0
DA:44,0
DA:61,0
DA:71,1
LF:8
LH:3
BRDA:37,0,0,0
BRDA:40,1,0,0
BRDA:40,1,1,0
BRDA:57,2,0,0
BRDA:57,2,1,0
BRF:5
BRH:0
end_of_record
TN:
SF:src/components/menu/MenuItem.tsx
FN:29,(anonymous_0)
FN:43,(anonymous_1)
FN:89,(anonymous_2)
FN:102,(anonymous_3)
FN:106,(anonymous_4)
FN:113,(anonymous_5)
FN:148,(anonymous_6)
FNF:7
FNH:0
FNDA:0,(anonymous_0)
FNDA:0,(anonymous_1)
FNDA:0,(anonymous_2)
FNDA:0,(anonymous_3)
FNDA:0,(anonymous_4)
FNDA:0,(anonymous_5)
FNDA:0,(anonymous_6)
DA:29,1
DA:33,0
DA:34,0
DA:43,1
DA:44,0
DA:56,1
DA:89,1
DA:99,0
DA:100,0
DA:102,0
DA:103,0
DA:106,0
DA:107,0
DA:108,0
DA:110,0
DA:113,0
DA:114,0
DA:115,0
DA:116,0
DA:119,0
DA:149,0
DA:161,1
LF:22
LH:5
BRDA:30,0,0,0
BRDA:31,1,0,0
BRDA:33,2,0,0
BRDA:33,2,1,0
BRDA:46,3,0,0
BRDA:46,3,1,0
BRDA:95,4,0,0
BRDA:96,5,0,0
BRDA:100,6,0,0
BRDA:100,6,1,0
BRDA:107,7,0,0
BRDA:107,7,1,0
BRDA:107,8,0,0
BRDA:107,8,1,0
BRDA:114,9,0,0
BRDA:114,9,1,0
BRDA:126,10,0,0
BRDA:126,10,1,0
BRDA:132,11,0,0
BRDA:132,11,1,0
BRDA:137,12,0,0
BRDA:137,12,1,0
BRDA:140,13,0,0
BRDA:140,13,1,0
BRDA:146,14,0,0
BRDA:146,14,1,0
BRDA:146,14,2,0
BRF:27
BRH:0
end_of_record
TN:
SF:src/components/menu/MenuSubitem.tsx
FN:38,(anonymous_0)
FN:46,(anonymous_1)
FN:51,(anonymous_2)
FNF:3
FNH:0
FNDA:0,(anonymous_0)
FNDA:0,(anonymous_1)
FNDA:0,(anonymous_2)
DA:38,1
DA:44,0
DA:46,0
DA:47,0
DA:48,0
DA:51,0
DA:52,0
DA:53,0
DA:55,0
DA:56,0
DA:59,0
DA:62,0
DA:66,0
DA:88,1
LF:14
LH:2
BRDA:52,0,0,0
BRDA:52,0,1,0
BRDA:53,1,0,0
BRDA:53,1,1,0
BRDA:73,2,0,0
BRDA:73,2,1,0
BRDA:73,2,2,0
BRDA:81,3,0,0
BRDA:81,3,1,0
BRDA:83,4,0,0
BRDA:83,4,1,0
BRF:11
BRH:0
end_of_record
TN:
SF:src/components/menu/index.ts
FNF:0
FNH:0
LF:0
LH:0
BRF:0
BRH:0
end_of_record
TN:
SF:src/components/surfaces/index.ts
FNF:0
FNH:0
LF:0
LH:0
BRF:0
BRH:0
end_of_record
TN:
SF:src/components/surfaces/AppBar/index.tsx
FN:36,(anonymous_0)
FN:44,(anonymous_1)
FNF:2
FNH:0
FNDA:0,(anonymous_0)
FNDA:0,(anonymous_1)
DA:17,1
DA:18,1
DA:19,0
DA:22,0
DA:26,0
DA:36,1
DA:41,0
DA:44,0
DA:45,0
DA:46,0
DA:48,0
DA:58,0
DA:79,1
LF:13
LH:4
BRDA:18,0,0,0
BRDA:18,0,1,1
BRDA:39,1,0,0
BRDA:41,2,0,0
BRDA:41,2,1,0
BRDA:45,3,0,0
BRDA:45,3,1,0
BRDA:45,4,0,0
BRDA:45,4,1,0
BRDA:60,5,0,0
BRDA:60,5,1,0
BRF:11
BRH:1
end_of_record
TN:
SF:src/components/typography/Typography.tsx
FN:139,(anonymous_0)
FNF:1
FNH:1
FNDA:27,(anonymous_0)
DA:31,3
DA:34,3
DA:139,3
DA:148,27
DA:151,27
DA:152,0
DA:155,27
DA:156,27
DA:157,0
DA:160,27
DA:161,0
DA:164,27
LF:12
LH:9
BRDA:140,0,0,0
BRDA:142,1,0,17
BRDA:143,2,0,27
BRDA:144,3,0,27
BRDA:146,4,0,27
BRDA:151,5,0,0
BRDA:151,5,1,27
BRDA:151,6,0,27
BRDA:151,6,1,27
BRDA:151,6,2,27
BRDA:156,7,0,0
BRDA:156,7,1,27
BRDA:156,8,0,27
BRDA:156,8,1,0
BRDA:160,9,0,0
BRDA:160,9,1,27
BRDA:171,10,0,0
BRDA:171,10,1,27
BRDA:172,11,0,0
BRDA:172,11,1,27
BRDA:173,12,0,0
BRDA:173,12,1,27
BRF:22
BRH:14
end_of_record
TN:
SF:src/components/typography/index.ts
FNF:0
FNH:0
LF:0
LH:0
BRF:0
BRH:0
end_of_record
TN:
SF:src/templates/Scanning/ScanningTemplate.tsx
FN:39,(anonymous_0)
FN:54,(anonymous_1)
FN:57,(anonymous_2)
FN:76,(anonymous_3)
FN:93,(anonymous_4)
FN:100,(anonymous_5)
FN:101,(anonymous_6)
FN:120,(anonymous_7)
FN:127,(anonymous_8)
FN:128,(anonymous_9)
FNF:10
FNH:4
FNDA:5,(anonymous_0)
FNDA:5,(anonymous_1)
FNDA:1,(anonymous_2)
FNDA:4,(anonymous_3)
FNDA:0,(anonymous_4)
FNDA:0,(anonymous_5)
FNDA:0,(anonymous_6)
FNDA:0,(anonymous_7)
FNDA:0,(anonymous_8)
FNDA:0,(anonymous_9)
DA:39,1
DA:52,5
DA:54,5
DA:55,5
DA:57,5
DA:62,1
DA:76,5
DA:77,4
DA:87,5
DA:94,0
DA:100,0
DA:101,0
DA:106,5
DA:142,1
LF:14
LH:11
BRDA:70,0,0,1
BRDA:70,0,1,1
BRDA:114,1,0,5
BRDA:114,1,1,0
BRDA:118,2,0,5
BRDA:118,2,1,0
BRDA:119,3,0,5
BRDA:119,3,1,5
BRDA:120,4,0,5
BRDA:120,4,1,0
BRDA:124,5,0,5
BRDA:124,5,1,0
BRDA:125,6,0,5
BRDA:125,6,1,5
BRDA:127,7,0,5
BRDA:127,7,1,0
BRDA:128,8,0,5
BRDA:128,8,1,0
BRF:18
BRH:12
end_of_record
TN:
SF:src/theme/Colors.ts
FNF:0
FNH:0
DA:2,10
LF:1
LH:1
BRF:0
BRH:0
end_of_record
TN:
SF:src/theme/LingoTheme.ts
FNF:0
FNH:0
DA:6,8
LF:1
LH:1
BRF:0
BRH:0
end_of_record
TN:
SF:src/theme/MaterialThemes.ts
FNF:0
FNH:0
DA:8,8
DA:14,8
LF:2
LH:2
BRF:0
BRH:0
end_of_record
TN:
SF:src/theme/fontDefinitions.ts
FNF:0
FNH:0
DA:1,8
LF:1
LH:1
BRF:0
BRH:0
end_of_record
TN:
SF:src/theme/index.ts
FNF:0
FNH:0
LF:0
LH:0
BRF:0
BRH:0
end_of_record
TN:
SF:src/utils/LinearGradient.ts
FNF:0
FNH:0
DA:7,1
DA:10,0
DA:16,1
DA:18,1
LF:4
LH:3
BRDA:7,0,0,0
BRDA:7,0,1,1
BRF:2
BRH:1
end_of_record
TN:
SF:src/values/Enums.ts
FNF:0
FNH:0
LF:0
LH:0
BRF:0
BRH:0
end_of_record
TN:
SF:src/values/Spacing.ts
FNF:0
FNH:0
DA:5,4
DA:6,4
DA:8,4
DA:9,4
DA:11,4
DA:12,4
DA:14,4
DA:18,4
DA:23,4
DA:25,4
LF:10
LH:10
BRF:0
BRH:0
end_of_record
TN:
SF:src/values/index.ts
FNF:0
FNH:0
LF:0
LH:0
BRF:0
BRH:0
end_of_record
